{"/home/djalai/workspace/repositories/github.com/iccbretagne/koinonia/src/app/api/admin/backups/route.ts": {"path":"/home/djalai/workspace/repositories/github.com/iccbretagne/koinonia/src/app/api/admin/backups/route.ts","statementMap":{"0":{"start":{"line":8,"column":2},"end":{"line":18,"column":null}},"1":{"start":{"line":9,"column":4},"end":{"line":9,"column":null}},"2":{"start":{"line":11,"column":4},"end":{"line":12,"column":null}},"3":{"start":{"line":12,"column":6},"end":{"line":12,"column":null}},"4":{"start":{"line":15,"column":20},"end":{"line":15,"column":39}},"5":{"start":{"line":16,"column":4},"end":{"line":16,"column":null}},"6":{"start":{"line":18,"column":4},"end":{"line":18,"column":null}},"7":{"start":{"line":23,"column":2},"end":{"line":42,"column":null}},"8":{"start":{"line":24,"column":20},"end":{"line":24,"column":60}},"9":{"start":{"line":26,"column":4},"end":{"line":27,"column":null}},"10":{"start":{"line":27,"column":6},"end":{"line":27,"column":null}},"11":{"start":{"line":30,"column":19},"end":{"line":30,"column":39}},"12":{"start":{"line":32,"column":4},"end":{"line":38,"column":null}},"13":{"start":{"line":40,"column":4},"end":{"line":40,"column":null}},"14":{"start":{"line":42,"column":4},"end":{"line":42,"column":null}}},"fnMap":{"0":{"name":"GET","decl":{"start":{"line":7,"column":22},"end":{"line":7,"column":28}},"loc":{"start":{"line":7,"column":28},"end":{"line":18,"column":null}},"line":7},"1":{"name":"POST","decl":{"start":{"line":22,"column":22},"end":{"line":22,"column":29}},"loc":{"start":{"line":22,"column":29},"end":{"line":42,"column":null}},"line":22}},"branchMap":{"0":{"loc":{"start":{"line":11,"column":4},"end":{"line":12,"column":null}},"type":"if","locations":[{"start":{"line":11,"column":4},"end":{"line":12,"column":null}},{"start":{},"end":{}}],"line":11},"1":{"loc":{"start":{"line":26,"column":4},"end":{"line":27,"column":null}},"type":"if","locations":[{"start":{"line":26,"column":4},"end":{"line":27,"column":null}},{"start":{},"end":{}}],"line":26}},"s":{"0":1,"1":1,"2":0,"3":0,"4":0,"5":0,"6":1,"7":1,"8":1,"9":0,"10":0,"11":0,"12":0,"13":0,"14":1},"f":{"0":1,"1":1},"b":{"0":[0,0],"1":[0,0]},"meta":{"lastBranch":2,"lastFunction":2,"lastStatement":15,"seen":{"f:7:22:7:28":0,"s:8:2:18:Infinity":0,"s:9:4:9:Infinity":1,"b:11:4:12:Infinity:undefined:undefined:undefined:undefined":0,"s:11:4:12:Infinity":2,"s:12:6:12:Infinity":3,"s:15:20:15:39":4,"s:16:4:16:Infinity":5,"s:18:4:18:Infinity":6,"f:22:22:22:29":1,"s:23:2:42:Infinity":7,"s:24:20:24:60":8,"b:26:4:27:Infinity:undefined:undefined:undefined:undefined":1,"s:26:4:27:Infinity":9,"s:27:6:27:Infinity":10,"s:30:19:30:39":11,"s:32:4:38:Infinity":12,"s:40:4:40:Infinity":13,"s:42:4:42:Infinity":14}}}
,"/home/djalai/workspace/repositories/github.com/iccbretagne/koinonia/src/app/api/admin/backups/restore/route.ts": {"path":"/home/djalai/workspace/repositories/github.com/iccbretagne/koinonia/src/app/api/admin/backups/restore/route.ts","statementMap":{"0":{"start":{"line":9,"column":22},"end":{"line":14,"column":2}},"1":{"start":{"line":17,"column":2},"end":{"line":45,"column":null}},"2":{"start":{"line":18,"column":20},"end":{"line":18,"column":60}},"3":{"start":{"line":20,"column":4},"end":{"line":21,"column":null}},"4":{"start":{"line":21,"column":6},"end":{"line":21,"column":null}},"5":{"start":{"line":24,"column":17},"end":{"line":24,"column":58}},"6":{"start":{"line":27,"column":20},"end":{"line":27,"column":39}},"7":{"start":{"line":28,"column":19},"end":{"line":28,"column":58}},"8":{"start":{"line":28,"column":39},"end":{"line":28,"column":58}},"9":{"start":{"line":29,"column":4},"end":{"line":30,"column":null}},"10":{"start":{"line":30,"column":6},"end":{"line":30,"column":null}},"11":{"start":{"line":33,"column":19},"end":{"line":33,"column":48}},"12":{"start":{"line":35,"column":4},"end":{"line":41,"column":null}},"13":{"start":{"line":43,"column":4},"end":{"line":43,"column":null}},"14":{"start":{"line":45,"column":4},"end":{"line":45,"column":null}}},"fnMap":{"0":{"name":"POST","decl":{"start":{"line":16,"column":22},"end":{"line":16,"column":27}},"loc":{"start":{"line":16,"column":45},"end":{"line":45,"column":null}},"line":16},"1":{"name":"(anonymous_1)","decl":{"start":{"line":28,"column":27},"end":{"line":28,"column":33}},"loc":{"start":{"line":28,"column":39},"end":{"line":28,"column":58}},"line":28}},"branchMap":{"0":{"loc":{"start":{"line":20,"column":4},"end":{"line":21,"column":null}},"type":"if","locations":[{"start":{"line":20,"column":4},"end":{"line":21,"column":null}},{"start":{},"end":{}}],"line":20},"1":{"loc":{"start":{"line":29,"column":4},"end":{"line":30,"column":null}},"type":"if","locations":[{"start":{"line":29,"column":4},"end":{"line":30,"column":null}},{"start":{},"end":{}}],"line":29}},"s":{"0":1,"1":5,"2":5,"3":4,"4":0,"5":4,"6":4,"7":2,"8":1,"9":2,"10":1,"11":1,"12":1,"13":1,"14":4},"f":{"0":5,"1":1},"b":{"0":[0,4],"1":[1,1]},"meta":{"lastBranch":2,"lastFunction":2,"lastStatement":15,"seen":{"s:9:22:14:2":0,"f:16:22:16:27":0,"s:17:2:45:Infinity":1,"s:18:20:18:60":2,"b:20:4:21:Infinity:undefined:undefined:undefined:undefined":0,"s:20:4:21:Infinity":3,"s:21:6:21:Infinity":4,"s:24:17:24:58":5,"s:27:20:27:39":6,"s:28:19:28:58":7,"f:28:27:28:33":1,"s:28:39:28:58":8,"b:29:4:30:Infinity:undefined:undefined:undefined:undefined":1,"s:29:4:30:Infinity":9,"s:30:6:30:Infinity":10,"s:33:19:33:48":11,"s:35:4:41:Infinity":12,"s:43:4:43:Infinity":13,"s:45:4:45:Infinity":14}}}
,"/home/djalai/workspace/repositories/github.com/iccbretagne/koinonia/src/app/api/announcements/route.ts": {"path":"/home/djalai/workspace/repositories/github.com/iccbretagne/koinonia/src/app/api/announcements/route.ts","statementMap":{"0":{"start":{"line":10,"column":21},"end":{"line":25,"column":4}},"1":{"start":{"line":23,"column":17},"end":{"line":23,"column":55}},"2":{"start":{"line":28,"column":28},"end":{"line":28,"column":38}},"3":{"start":{"line":29,"column":2},"end":{"line":29,"column":null}},"4":{"start":{"line":30,"column":2},"end":{"line":30,"column":null}},"5":{"start":{"line":34,"column":2},"end":{"line":37,"column":null}},"6":{"start":{"line":41,"column":2},"end":{"line":94,"column":null}},"7":{"start":{"line":42,"column":29},"end":{"line":42,"column":49}},"8":{"start":{"line":43,"column":21},"end":{"line":43,"column":49}},"9":{"start":{"line":44,"column":4},"end":{"line":44,"column":null}},"10":{"start":{"line":44,"column":19},"end":{"line":44,"column":null}},"11":{"start":{"line":46,"column":20},"end":{"line":46,"column":76}},"12":{"start":{"line":48,"column":28},"end":{"line":51,"column":null}},"13":{"start":{"line":50,"column":23},"end":{"line":50,"column":47}},"14":{"start":{"line":51,"column":18},"end":{"line":51,"column":45}},"15":{"start":{"line":54,"column":6},"end":{"line":54,"column":71}},"16":{"start":{"line":56,"column":26},"end":{"line":90,"column":6}},"17":{"start":{"line":92,"column":4},"end":{"line":92,"column":null}},"18":{"start":{"line":94,"column":4},"end":{"line":94,"column":null}},"19":{"start":{"line":99,"column":2},"end":{"line":250,"column":null}},"20":{"start":{"line":100,"column":17},"end":{"line":100,"column":37}},"21":{"start":{"line":101,"column":17},"end":{"line":101,"column":41}},"22":{"start":{"line":102,"column":20},"end":{"line":102,"column":81}},"23":{"start":{"line":103,"column":4},"end":{"line":103,"column":null}},"24":{"start":{"line":106,"column":4},"end":{"line":111,"column":null}},"25":{"start":{"line":107,"column":19},"end":{"line":110,"column":8}},"26":{"start":{"line":111,"column":6},"end":{"line":111,"column":null}},"27":{"start":{"line":111,"column":17},"end":{"line":111,"column":null}},"28":{"start":{"line":115,"column":4},"end":{"line":120,"column":null}},"29":{"start":{"line":116,"column":23},"end":{"line":119,"column":8}},"30":{"start":{"line":120,"column":6},"end":{"line":120,"column":null}},"31":{"start":{"line":120,"column":21},"end":{"line":120,"column":null}},"32":{"start":{"line":124,"column":4},"end":{"line":129,"column":null}},"33":{"start":{"line":125,"column":26},"end":{"line":127,"column":8}},"34":{"start":{"line":128,"column":6},"end":{"line":129,"column":null}},"35":{"start":{"line":129,"column":8},"end":{"line":129,"column":null}},"36":{"start":{"line":133,"column":22},"end":{"line":133,"column":null}},"37":{"start":{"line":134,"column":24},"end":{"line":134,"column":null}},"38":{"start":{"line":137,"column":6},"end":{"line":145,"column":8}},"39":{"start":{"line":147,"column":25},"end":{"line":244,"column":null}},"40":{"start":{"line":148,"column":18},"end":{"line":167,"column":8}},"41":{"start":{"line":163,"column":60},"end":{"line":163,"column":71}},"42":{"start":{"line":169,"column":6},"end":{"line":203,"column":null}},"43":{"start":{"line":170,"column":26},"end":{"line":185,"column":10}},"44":{"start":{"line":186,"column":8},"end":{"line":203,"column":null}},"45":{"start":{"line":206,"column":6},"end":{"line":240,"column":null}},"46":{"start":{"line":207,"column":23},"end":{"line":222,"column":10}},"47":{"start":{"line":223,"column":8},"end":{"line":240,"column":null}},"48":{"start":{"line":243,"column":6},"end":{"line":243,"column":null}},"49":{"start":{"line":246,"column":4},"end":{"line":246,"column":null}},"50":{"start":{"line":248,"column":4},"end":{"line":248,"column":null}},"51":{"start":{"line":250,"column":4},"end":{"line":250,"column":null}}},"fnMap":{"0":{"name":"(anonymous_0)","decl":{"start":{"line":23,"column":3},"end":{"line":23,"column":11}},"loc":{"start":{"line":23,"column":17},"end":{"line":23,"column":55}},"line":23},"1":{"name":"computeIsSaveTheDate","decl":{"start":{"line":27,"column":9},"end":{"line":27,"column":30}},"loc":{"start":{"line":27,"column":56},"end":{"line":30,"column":null}},"line":27},"2":{"name":"findDeptByFunction","decl":{"start":{"line":33,"column":15},"end":{"line":33,"column":34}},"loc":{"start":{"line":33,"column":64},"end":{"line":37,"column":null}},"line":33},"3":{"name":"GET","decl":{"start":{"line":40,"column":22},"end":{"line":40,"column":26}},"loc":{"start":{"line":40,"column":44},"end":{"line":94,"column":null}},"line":40},"4":{"name":"(anonymous_4)","decl":{"start":{"line":50,"column":9},"end":{"line":50,"column":17}},"loc":{"start":{"line":50,"column":23},"end":{"line":50,"column":47}},"line":50},"5":{"name":"(anonymous_5)","decl":{"start":{"line":51,"column":9},"end":{"line":51,"column":18}},"loc":{"start":{"line":51,"column":18},"end":{"line":51,"column":45}},"line":51},"6":{"name":"POST","decl":{"start":{"line":98,"column":22},"end":{"line":98,"column":27}},"loc":{"start":{"line":98,"column":45},"end":{"line":250,"column":null}},"line":98},"7":{"name":"(anonymous_7)","decl":{"start":{"line":147,"column":51},"end":{"line":147,"column":58}},"loc":{"start":{"line":147,"column":65},"end":{"line":244,"column":null}},"line":147},"8":{"name":"(anonymous_8)","decl":{"start":{"line":163,"column":42},"end":{"line":163,"column":47}},"loc":{"start":{"line":163,"column":60},"end":{"line":163,"column":71}},"line":163}},"branchMap":{"0":{"loc":{"start":{"line":23,"column":17},"end":{"line":23,"column":55}},"type":"binary-expr","locations":[{"start":{"line":23,"column":17},"end":{"line":23,"column":37}},{"start":{"line":23,"column":37},"end":{"line":23,"column":55}}],"line":23},"1":{"loc":{"start":{"line":44,"column":4},"end":{"line":44,"column":null}},"type":"if","locations":[{"start":{"line":44,"column":4},"end":{"line":44,"column":null}},{"start":{},"end":{}}],"line":44},"2":{"loc":{"start":{"line":54,"column":6},"end":{"line":54,"column":71}},"type":"binary-expr","locations":[{"start":{"line":54,"column":6},"end":{"line":54,"column":35}},{"start":{"line":54,"column":35},"end":{"line":54,"column":71}}],"line":54},"3":{"loc":{"start":{"line":59,"column":12},"end":{"line":59,"column":null}},"type":"cond-expr","locations":[{"start":{"line":59,"column":24},"end":{"line":59,"column":26}},{"start":{"line":59,"column":29},"end":{"line":59,"column":null}}],"line":59},"4":{"loc":{"start":{"line":106,"column":4},"end":{"line":111,"column":null}},"type":"if","locations":[{"start":{"line":106,"column":4},"end":{"line":111,"column":null}},{"start":{},"end":{}}],"line":106},"5":{"loc":{"start":{"line":111,"column":6},"end":{"line":111,"column":null}},"type":"if","locations":[{"start":{"line":111,"column":6},"end":{"line":111,"column":null}},{"start":{},"end":{}}],"line":111},"6":{"loc":{"start":{"line":115,"column":4},"end":{"line":120,"column":null}},"type":"if","locations":[{"start":{"line":115,"column":4},"end":{"line":120,"column":null}},{"start":{},"end":{}}],"line":115},"7":{"loc":{"start":{"line":120,"column":6},"end":{"line":120,"column":null}},"type":"if","locations":[{"start":{"line":120,"column":6},"end":{"line":120,"column":null}},{"start":{},"end":{}}],"line":120},"8":{"loc":{"start":{"line":124,"column":4},"end":{"line":129,"column":null}},"type":"if","locations":[{"start":{"line":124,"column":4},"end":{"line":129,"column":null}},{"start":{},"end":{}}],"line":124},"9":{"loc":{"start":{"line":128,"column":6},"end":{"line":129,"column":null}},"type":"if","locations":[{"start":{"line":128,"column":6},"end":{"line":129,"column":null}},{"start":{},"end":{}}],"line":128},"10":{"loc":{"start":{"line":133,"column":22},"end":{"line":133,"column":null}},"type":"cond-expr","locations":[{"start":{"line":133,"column":39},"end":{"line":133,"column":63}},{"start":{"line":133,"column":66},"end":{"line":133,"column":null}}],"line":133},"11":{"loc":{"start":{"line":134,"column":24},"end":{"line":134,"column":null}},"type":"cond-expr","locations":[{"start":{"line":134,"column":36},"end":{"line":134,"column":67}},{"start":{"line":134,"column":70},"end":{"line":134,"column":null}}],"line":134},"12":{"loc":{"start":{"line":138,"column":8},"end":{"line":140,"column":null}},"type":"cond-expr","locations":[{"start":{"line":139,"column":12},"end":{"line":139,"column":66}},{"start":{"line":140,"column":12},"end":{"line":140,"column":null}}],"line":138},"13":{"loc":{"start":{"line":141,"column":8},"end":{"line":143,"column":null}},"type":"cond-expr","locations":[{"start":{"line":142,"column":12},"end":{"line":142,"column":68}},{"start":{"line":143,"column":12},"end":{"line":143,"column":null}}],"line":141},"14":{"loc":{"start":{"line":152,"column":24},"end":{"line":152,"column":null}},"type":"binary-expr","locations":[{"start":{"line":152,"column":24},"end":{"line":152,"column":45}},{"start":{"line":152,"column":45},"end":{"line":152,"column":null}}],"line":152},"15":{"loc":{"start":{"line":153,"column":22},"end":{"line":153,"column":null}},"type":"binary-expr","locations":[{"start":{"line":153,"column":22},"end":{"line":153,"column":41}},{"start":{"line":153,"column":41},"end":{"line":153,"column":null}}],"line":153},"16":{"loc":{"start":{"line":161,"column":14},"end":{"line":164,"column":null}},"type":"binary-expr","locations":[{"start":{"line":161,"column":14},"end":{"line":161,"column":48}},{"start":{"line":161,"column":48},"end":{"line":164,"column":null}}],"line":161},"17":{"loc":{"start":{"line":169,"column":6},"end":{"line":203,"column":null}},"type":"if","locations":[{"start":{"line":169,"column":6},"end":{"line":203,"column":null}},{"start":{},"end":{}}],"line":169},"18":{"loc":{"start":{"line":175,"column":26},"end":{"line":175,"column":null}},"type":"binary-expr","locations":[{"start":{"line":175,"column":26},"end":{"line":175,"column":47}},{"start":{"line":175,"column":47},"end":{"line":175,"column":null}}],"line":175},"19":{"loc":{"start":{"line":176,"column":24},"end":{"line":176,"column":null}},"type":"binary-expr","locations":[{"start":{"line":176,"column":24},"end":{"line":176,"column":43}},{"start":{"line":176,"column":43},"end":{"line":176,"column":null}}],"line":176},"20":{"loc":{"start":{"line":177,"column":28},"end":{"line":177,"column":null}},"type":"binary-expr","locations":[{"start":{"line":177,"column":28},"end":{"line":177,"column":51}},{"start":{"line":177,"column":51},"end":{"line":177,"column":null}}],"line":177},"21":{"loc":{"start":{"line":182,"column":24},"end":{"line":182,"column":null}},"type":"binary-expr","locations":[{"start":{"line":182,"column":24},"end":{"line":182,"column":48}},{"start":{"line":182,"column":52},"end":{"line":182,"column":null}}],"line":182},"22":{"loc":{"start":{"line":191,"column":26},"end":{"line":191,"column":null}},"type":"binary-expr","locations":[{"start":{"line":191,"column":26},"end":{"line":191,"column":47}},{"start":{"line":191,"column":47},"end":{"line":191,"column":null}}],"line":191},"23":{"loc":{"start":{"line":192,"column":24},"end":{"line":192,"column":null}},"type":"binary-expr","locations":[{"start":{"line":192,"column":24},"end":{"line":192,"column":43}},{"start":{"line":192,"column":43},"end":{"line":192,"column":null}}],"line":192},"24":{"loc":{"start":{"line":193,"column":28},"end":{"line":193,"column":null}},"type":"binary-expr","locations":[{"start":{"line":193,"column":28},"end":{"line":193,"column":50}},{"start":{"line":193,"column":50},"end":{"line":193,"column":null}}],"line":193},"25":{"loc":{"start":{"line":200,"column":24},"end":{"line":200,"column":null}},"type":"binary-expr","locations":[{"start":{"line":200,"column":24},"end":{"line":200,"column":48}},{"start":{"line":200,"column":52},"end":{"line":200,"column":null}}],"line":200},"26":{"loc":{"start":{"line":206,"column":6},"end":{"line":240,"column":null}},"type":"if","locations":[{"start":{"line":206,"column":6},"end":{"line":240,"column":null}},{"start":{},"end":{}}],"line":206},"27":{"loc":{"start":{"line":212,"column":26},"end":{"line":212,"column":null}},"type":"binary-expr","locations":[{"start":{"line":212,"column":26},"end":{"line":212,"column":47}},{"start":{"line":212,"column":47},"end":{"line":212,"column":null}}],"line":212},"28":{"loc":{"start":{"line":213,"column":24},"end":{"line":213,"column":null}},"type":"binary-expr","locations":[{"start":{"line":213,"column":24},"end":{"line":213,"column":43}},{"start":{"line":213,"column":43},"end":{"line":213,"column":null}}],"line":213},"29":{"loc":{"start":{"line":214,"column":28},"end":{"line":214,"column":null}},"type":"binary-expr","locations":[{"start":{"line":214,"column":28},"end":{"line":214,"column":53}},{"start":{"line":214,"column":53},"end":{"line":214,"column":null}}],"line":214},"30":{"loc":{"start":{"line":219,"column":24},"end":{"line":219,"column":null}},"type":"binary-expr","locations":[{"start":{"line":219,"column":24},"end":{"line":219,"column":48}},{"start":{"line":219,"column":52},"end":{"line":219,"column":null}}],"line":219},"31":{"loc":{"start":{"line":228,"column":26},"end":{"line":228,"column":null}},"type":"binary-expr","locations":[{"start":{"line":228,"column":26},"end":{"line":228,"column":47}},{"start":{"line":228,"column":47},"end":{"line":228,"column":null}}],"line":228},"32":{"loc":{"start":{"line":229,"column":24},"end":{"line":229,"column":null}},"type":"binary-expr","locations":[{"start":{"line":229,"column":24},"end":{"line":229,"column":43}},{"start":{"line":229,"column":43},"end":{"line":229,"column":null}}],"line":229},"33":{"loc":{"start":{"line":230,"column":28},"end":{"line":230,"column":null}},"type":"binary-expr","locations":[{"start":{"line":230,"column":28},"end":{"line":230,"column":50}},{"start":{"line":230,"column":50},"end":{"line":230,"column":null}}],"line":230},"34":{"loc":{"start":{"line":237,"column":24},"end":{"line":237,"column":null}},"type":"binary-expr","locations":[{"start":{"line":237,"column":24},"end":{"line":237,"column":48}},{"start":{"line":237,"column":52},"end":{"line":237,"column":null}}],"line":237}},"s":{"0":1,"1":4,"2":0,"3":0,"4":0,"5":0,"6":0,"7":0,"8":0,"9":0,"10":0,"11":0,"12":0,"13":0,"14":0,"15":0,"16":0,"17":0,"18":0,"19":4,"20":4,"21":4,"22":4,"23":3,"24":3,"25":1,"26":1,"27":1,"28":2,"29":1,"30":1,"31":1,"32":1,"33":1,"34":1,"35":1,"36":0,"37":4,"38":4,"39":0,"40":0,"41":0,"42":0,"43":0,"44":0,"45":0,"46":0,"47":0,"48":0,"49":0,"50":0,"51":4},"f":{"0":4,"1":0,"2":0,"3":0,"4":0,"5":0,"6":4,"7":0,"8":0},"b":{"0":[4,0],"1":[0,0],"2":[0,0],"3":[0,0],"4":[1,2],"5":[1,0],"6":[1,1],"7":[1,0],"8":[1,0],"9":[1,0],"10":[0,0],"11":[0,0],"12":[0,0],"13":[0,0],"14":[0,0],"15":[0,0],"16":[0,0],"17":[0,0],"18":[0,0],"19":[0,0],"20":[0,0],"21":[0,0],"22":[0,0],"23":[0,0],"24":[0,0],"25":[0,0],"26":[0,0],"27":[0,0],"28":[0,0],"29":[0,0],"30":[0,0],"31":[0,0],"32":[0,0],"33":[0,0],"34":[0,0]},"meta":{"lastBranch":35,"lastFunction":9,"lastStatement":52,"seen":{"s:10:21:25:4":0,"f:23:3:23:11":0,"s:23:17:23:55":1,"b:23:17:23:37:23:37:23:55":0,"f:27:9:27:30":1,"s:28:28:28:38":2,"s:29:2:29:Infinity":3,"s:30:2:30:Infinity":4,"f:33:15:33:34":2,"s:34:2:37:Infinity":5,"f:40:22:40:26":3,"s:41:2:94:Infinity":6,"s:42:29:42:49":7,"s:43:21:43:49":8,"b:44:4:44:Infinity:undefined:undefined:undefined:undefined":1,"s:44:4:44:Infinity":9,"s:44:19:44:Infinity":10,"s:46:20:46:76":11,"s:48:28:51:Infinity":12,"f:50:9:50:17":4,"s:50:23:50:47":13,"f:51:9:51:18":5,"s:51:18:51:45":14,"s:54:6:54:71":15,"b:54:6:54:35:54:35:54:71":2,"s:56:26:90:6":16,"b:59:24:59:26:59:29:59:Infinity":3,"s:92:4:92:Infinity":17,"s:94:4:94:Infinity":18,"f:98:22:98:27":6,"s:99:2:250:Infinity":19,"s:100:17:100:37":20,"s:101:17:101:41":21,"s:102:20:102:81":22,"s:103:4:103:Infinity":23,"b:106:4:111:Infinity:undefined:undefined:undefined:undefined":4,"s:106:4:111:Infinity":24,"s:107:19:110:8":25,"b:111:6:111:Infinity:undefined:undefined:undefined:undefined":5,"s:111:6:111:Infinity":26,"s:111:17:111:Infinity":27,"b:115:4:120:Infinity:undefined:undefined:undefined:undefined":6,"s:115:4:120:Infinity":28,"s:116:23:119:8":29,"b:120:6:120:Infinity:undefined:undefined:undefined:undefined":7,"s:120:6:120:Infinity":30,"s:120:21:120:Infinity":31,"b:124:4:129:Infinity:undefined:undefined:undefined:undefined":8,"s:124:4:129:Infinity":32,"s:125:26:127:8":33,"b:128:6:129:Infinity:undefined:undefined:undefined:undefined":9,"s:128:6:129:Infinity":34,"s:129:8:129:Infinity":35,"s:133:22:133:Infinity":36,"b:133:39:133:63:133:66:133:Infinity":10,"s:134:24:134:Infinity":37,"b:134:36:134:67:134:70:134:Infinity":11,"s:137:6:145:8":38,"b:139:12:139:66:140:12:140:Infinity":12,"b:142:12:142:68:143:12:143:Infinity":13,"s:147:25:244:Infinity":39,"f:147:51:147:58":7,"s:148:18:167:8":40,"b:152:24:152:45:152:45:152:Infinity":14,"b:153:22:153:41:153:41:153:Infinity":15,"b:161:14:161:48:161:48:164:Infinity":16,"f:163:42:163:47":8,"s:163:60:163:71":41,"b:169:6:203:Infinity:undefined:undefined:undefined:undefined":17,"s:169:6:203:Infinity":42,"s:170:26:185:10":43,"b:175:26:175:47:175:47:175:Infinity":18,"b:176:24:176:43:176:43:176:Infinity":19,"b:177:28:177:51:177:51:177:Infinity":20,"b:182:24:182:48:182:52:182:Infinity":21,"s:186:8:203:Infinity":44,"b:191:26:191:47:191:47:191:Infinity":22,"b:192:24:192:43:192:43:192:Infinity":23,"b:193:28:193:50:193:50:193:Infinity":24,"b:200:24:200:48:200:52:200:Infinity":25,"b:206:6:240:Infinity:undefined:undefined:undefined:undefined":26,"s:206:6:240:Infinity":45,"s:207:23:222:10":46,"b:212:26:212:47:212:47:212:Infinity":27,"b:213:24:213:43:213:43:213:Infinity":28,"b:214:28:214:53:214:53:214:Infinity":29,"b:219:24:219:48:219:52:219:Infinity":30,"s:223:8:240:Infinity":47,"b:228:26:228:47:228:47:228:Infinity":31,"b:229:24:229:43:229:43:229:Infinity":32,"b:230:28:230:50:230:50:230:Infinity":33,"b:237:24:237:48:237:52:237:Infinity":34,"s:243:6:243:Infinity":48,"s:246:4:246:Infinity":49,"s:248:4:248:Infinity":50,"s:250:4:250:Infinity":51}}}
,"/home/djalai/workspace/repositories/github.com/iccbretagne/koinonia/src/app/api/announcements/[id]/route.ts": {"path":"/home/djalai/workspace/repositories/github.com/iccbretagne/koinonia/src/app/api/announcements/[id]/route.ts","statementMap":{"0":{"start":{"line":8,"column":20},"end":{"line":20,"column":2}},"1":{"start":{"line":26,"column":2},"end":{"line":80,"column":null}},"2":{"start":{"line":27,"column":19},"end":{"line":27,"column":null}},"3":{"start":{"line":30,"column":20},"end":{"line":33,"column":6}},"4":{"start":{"line":34,"column":4},"end":{"line":34,"column":null}},"5":{"start":{"line":34,"column":18},"end":{"line":34,"column":null}},"6":{"start":{"line":36,"column":20},"end":{"line":36,"column":84}},"7":{"start":{"line":38,"column":28},"end":{"line":41,"column":null}},"8":{"start":{"line":40,"column":23},"end":{"line":40,"column":55}},"9":{"start":{"line":41,"column":18},"end":{"line":41,"column":45}},"10":{"start":{"line":43,"column":22},"end":{"line":43,"column":87}},"11":{"start":{"line":44,"column":20},"end":{"line":44,"column":null}},"12":{"start":{"line":46,"column":4},"end":{"line":46,"column":null}},"13":{"start":{"line":46,"column":32},"end":{"line":46,"column":null}},"14":{"start":{"line":48,"column":25},"end":{"line":76,"column":6}},"15":{"start":{"line":78,"column":4},"end":{"line":78,"column":null}},"16":{"start":{"line":80,"column":4},"end":{"line":80,"column":null}},"17":{"start":{"line":88,"column":2},"end":{"line":169,"column":null}},"18":{"start":{"line":89,"column":19},"end":{"line":89,"column":null}},"19":{"start":{"line":91,"column":25},"end":{"line":94,"column":6}},"20":{"start":{"line":95,"column":4},"end":{"line":95,"column":null}},"21":{"start":{"line":95,"column":23},"end":{"line":95,"column":null}},"22":{"start":{"line":97,"column":20},"end":{"line":97,"column":89}},"23":{"start":{"line":99,"column":28},"end":{"line":102,"column":null}},"24":{"start":{"line":101,"column":23},"end":{"line":101,"column":60}},"25":{"start":{"line":102,"column":18},"end":{"line":102,"column":45}},"26":{"start":{"line":105,"column":6},"end":{"line":105,"column":71}},"27":{"start":{"line":106,"column":20},"end":{"line":106,"column":null}},"28":{"start":{"line":108,"column":4},"end":{"line":108,"column":null}},"29":{"start":{"line":108,"column":32},"end":{"line":108,"column":null}},"30":{"start":{"line":110,"column":17},"end":{"line":110,"column":37}},"31":{"start":{"line":111,"column":17},"end":{"line":111,"column":40}},"32":{"start":{"line":114,"column":4},"end":{"line":119,"column":null}},"33":{"start":{"line":115,"column":26},"end":{"line":117,"column":8}},"34":{"start":{"line":118,"column":6},"end":{"line":119,"column":null}},"35":{"start":{"line":119,"column":8},"end":{"line":119,"column":null}},"36":{"start":{"line":124,"column":4},"end":{"line":129,"column":null}},"37":{"start":{"line":125,"column":6},"end":{"line":126,"column":null}},"38":{"start":{"line":126,"column":8},"end":{"line":126,"column":null}},"39":{"start":{"line":128,"column":6},"end":{"line":129,"column":null}},"40":{"start":{"line":129,"column":8},"end":{"line":129,"column":null}},"41":{"start":{"line":133,"column":20},"end":{"line":163,"column":null}},"42":{"start":{"line":134,"column":21},"end":{"line":152,"column":8}},"43":{"start":{"line":148,"column":60},"end":{"line":148,"column":71}},"44":{"start":{"line":155,"column":6},"end":{"line":159,"column":null}},"45":{"start":{"line":156,"column":8},"end":{"line":159,"column":null}},"46":{"start":{"line":162,"column":6},"end":{"line":162,"column":null}},"47":{"start":{"line":165,"column":4},"end":{"line":165,"column":null}},"48":{"start":{"line":167,"column":4},"end":{"line":167,"column":null}},"49":{"start":{"line":169,"column":4},"end":{"line":169,"column":null}},"50":{"start":{"line":177,"column":2},"end":{"line":205,"column":null}},"51":{"start":{"line":178,"column":19},"end":{"line":178,"column":null}},"52":{"start":{"line":180,"column":25},"end":{"line":183,"column":6}},"53":{"start":{"line":184,"column":4},"end":{"line":184,"column":null}},"54":{"start":{"line":184,"column":23},"end":{"line":184,"column":null}},"55":{"start":{"line":186,"column":20},"end":{"line":186,"column":89}},"56":{"start":{"line":188,"column":28},"end":{"line":191,"column":null}},"57":{"start":{"line":190,"column":23},"end":{"line":190,"column":60}},"58":{"start":{"line":191,"column":18},"end":{"line":191,"column":45}},"59":{"start":{"line":194,"column":6},"end":{"line":194,"column":71}},"60":{"start":{"line":195,"column":20},"end":{"line":195,"column":null}},"61":{"start":{"line":197,"column":4},"end":{"line":197,"column":null}},"62":{"start":{"line":197,"column":32},"end":{"line":197,"column":null}},"63":{"start":{"line":199,"column":4},"end":{"line":199,"column":null}},"64":{"start":{"line":201,"column":4},"end":{"line":201,"column":null}},"65":{"start":{"line":203,"column":4},"end":{"line":203,"column":null}},"66":{"start":{"line":205,"column":4},"end":{"line":205,"column":null}}},"fnMap":{"0":{"name":"GET","decl":{"start":{"line":22,"column":22},"end":{"line":22,"column":null}},"loc":{"start":{"line":25,"column":2},"end":{"line":80,"column":null}},"line":25},"1":{"name":"(anonymous_1)","decl":{"start":{"line":40,"column":9},"end":{"line":40,"column":17}},"loc":{"start":{"line":40,"column":23},"end":{"line":40,"column":55}},"line":40},"2":{"name":"(anonymous_2)","decl":{"start":{"line":41,"column":9},"end":{"line":41,"column":18}},"loc":{"start":{"line":41,"column":18},"end":{"line":41,"column":45}},"line":41},"3":{"name":"PATCH","decl":{"start":{"line":84,"column":22},"end":{"line":84,"column":null}},"loc":{"start":{"line":87,"column":2},"end":{"line":169,"column":null}},"line":87},"4":{"name":"(anonymous_4)","decl":{"start":{"line":101,"column":9},"end":{"line":101,"column":17}},"loc":{"start":{"line":101,"column":23},"end":{"line":101,"column":60}},"line":101},"5":{"name":"(anonymous_5)","decl":{"start":{"line":102,"column":9},"end":{"line":102,"column":18}},"loc":{"start":{"line":102,"column":18},"end":{"line":102,"column":45}},"line":102},"6":{"name":"(anonymous_6)","decl":{"start":{"line":133,"column":46},"end":{"line":133,"column":53}},"loc":{"start":{"line":133,"column":60},"end":{"line":163,"column":null}},"line":133},"7":{"name":"(anonymous_7)","decl":{"start":{"line":148,"column":42},"end":{"line":148,"column":47}},"loc":{"start":{"line":148,"column":60},"end":{"line":148,"column":71}},"line":148},"8":{"name":"DELETE","decl":{"start":{"line":173,"column":22},"end":{"line":173,"column":null}},"loc":{"start":{"line":176,"column":2},"end":{"line":205,"column":null}},"line":176},"9":{"name":"(anonymous_9)","decl":{"start":{"line":190,"column":9},"end":{"line":190,"column":17}},"loc":{"start":{"line":190,"column":23},"end":{"line":190,"column":60}},"line":190},"10":{"name":"(anonymous_10)","decl":{"start":{"line":191,"column":9},"end":{"line":191,"column":18}},"loc":{"start":{"line":191,"column":18},"end":{"line":191,"column":45}},"line":191}},"branchMap":{"0":{"loc":{"start":{"line":34,"column":4},"end":{"line":34,"column":null}},"type":"if","locations":[{"start":{"line":34,"column":4},"end":{"line":34,"column":null}},{"start":{},"end":{}}],"line":34},"1":{"loc":{"start":{"line":43,"column":22},"end":{"line":43,"column":87}},"type":"binary-expr","locations":[{"start":{"line":43,"column":22},"end":{"line":43,"column":51}},{"start":{"line":43,"column":51},"end":{"line":43,"column":87}}],"line":43},"2":{"loc":{"start":{"line":46,"column":4},"end":{"line":46,"column":null}},"type":"if","locations":[{"start":{"line":46,"column":4},"end":{"line":46,"column":null}},{"start":{},"end":{}}],"line":46},"3":{"loc":{"start":{"line":46,"column":8},"end":{"line":46,"column":32}},"type":"binary-expr","locations":[{"start":{"line":46,"column":8},"end":{"line":46,"column":22}},{"start":{"line":46,"column":22},"end":{"line":46,"column":32}}],"line":46},"4":{"loc":{"start":{"line":95,"column":4},"end":{"line":95,"column":null}},"type":"if","locations":[{"start":{"line":95,"column":4},"end":{"line":95,"column":null}},{"start":{},"end":{}}],"line":95},"5":{"loc":{"start":{"line":105,"column":6},"end":{"line":105,"column":71}},"type":"binary-expr","locations":[{"start":{"line":105,"column":6},"end":{"line":105,"column":35}},{"start":{"line":105,"column":35},"end":{"line":105,"column":71}}],"line":105},"6":{"loc":{"start":{"line":108,"column":4},"end":{"line":108,"column":null}},"type":"if","locations":[{"start":{"line":108,"column":4},"end":{"line":108,"column":null}},{"start":{},"end":{}}],"line":108},"7":{"loc":{"start":{"line":108,"column":8},"end":{"line":108,"column":32}},"type":"binary-expr","locations":[{"start":{"line":108,"column":8},"end":{"line":108,"column":22}},{"start":{"line":108,"column":22},"end":{"line":108,"column":32}}],"line":108},"8":{"loc":{"start":{"line":114,"column":4},"end":{"line":119,"column":null}},"type":"if","locations":[{"start":{"line":114,"column":4},"end":{"line":119,"column":null}},{"start":{},"end":{}}],"line":114},"9":{"loc":{"start":{"line":114,"column":8},"end":{"line":114,"column":77}},"type":"binary-expr","locations":[{"start":{"line":114,"column":8},"end":{"line":114,"column":45}},{"start":{"line":114,"column":45},"end":{"line":114,"column":77}}],"line":114},"10":{"loc":{"start":{"line":118,"column":6},"end":{"line":119,"column":null}},"type":"if","locations":[{"start":{"line":118,"column":6},"end":{"line":119,"column":null}},{"start":{},"end":{}}],"line":118},"11":{"loc":{"start":{"line":124,"column":4},"end":{"line":129,"column":null}},"type":"if","locations":[{"start":{"line":124,"column":4},"end":{"line":129,"column":null}},{"start":{},"end":{}}],"line":124},"12":{"loc":{"start":{"line":125,"column":6},"end":{"line":126,"column":null}},"type":"if","locations":[{"start":{"line":125,"column":6},"end":{"line":126,"column":null}},{"start":{},"end":{}}],"line":125},"13":{"loc":{"start":{"line":125,"column":10},"end":{"line":125,"column":34}},"type":"binary-expr","locations":[{"start":{"line":125,"column":10},"end":{"line":125,"column":24}},{"start":{"line":125,"column":24},"end":{"line":125,"column":34}}],"line":125},"14":{"loc":{"start":{"line":128,"column":6},"end":{"line":129,"column":null}},"type":"if","locations":[{"start":{"line":128,"column":6},"end":{"line":129,"column":null}},{"start":{},"end":{}}],"line":128},"15":{"loc":{"start":{"line":128,"column":10},"end":{"line":128,"column":62}},"type":"binary-expr","locations":[{"start":{"line":128,"column":10},"end":{"line":128,"column":24}},{"start":{"line":128,"column":24},"end":{"line":128,"column":35}},{"start":{"line":128,"column":35},"end":{"line":128,"column":62}}],"line":128},"16":{"loc":{"start":{"line":137,"column":14},"end":{"line":137,"column":52}},"type":"binary-expr","locations":[{"start":{"line":137,"column":14},"end":{"line":137,"column":29}},{"start":{"line":137,"column":29},"end":{"line":137,"column":52}}],"line":137},"17":{"loc":{"start":{"line":138,"column":14},"end":{"line":138,"column":49}},"type":"binary-expr","locations":[{"start":{"line":138,"column":14},"end":{"line":138,"column":28}},{"start":{"line":138,"column":28},"end":{"line":138,"column":49}}],"line":138},"18":{"loc":{"start":{"line":139,"column":14},"end":{"line":139,"column":55}},"type":"binary-expr","locations":[{"start":{"line":139,"column":14},"end":{"line":139,"column":30}},{"start":{"line":139,"column":30},"end":{"line":139,"column":55}}],"line":139},"19":{"loc":{"start":{"line":140,"column":14},"end":{"line":140,"column":72}},"type":"binary-expr","locations":[{"start":{"line":140,"column":14},"end":{"line":140,"column":45}},{"start":{"line":140,"column":45},"end":{"line":140,"column":72}}],"line":140},"20":{"loc":{"start":{"line":141,"column":14},"end":{"line":141,"column":87}},"type":"binary-expr","locations":[{"start":{"line":141,"column":14},"end":{"line":141,"column":50}},{"start":{"line":141,"column":50},"end":{"line":141,"column":87}}],"line":141},"21":{"loc":{"start":{"line":142,"column":14},"end":{"line":142,"column":109}},"type":"binary-expr","locations":[{"start":{"line":142,"column":14},"end":{"line":142,"column":46}},{"start":{"line":142,"column":46},"end":{"line":142,"column":109}}],"line":142},"22":{"loc":{"start":{"line":142,"column":59},"end":{"line":142,"column":109}},"type":"cond-expr","locations":[{"start":{"line":142,"column":76},"end":{"line":142,"column":100}},{"start":{"line":142,"column":103},"end":{"line":142,"column":109}}],"line":142},"23":{"loc":{"start":{"line":143,"column":14},"end":{"line":143,"column":90}},"type":"binary-expr","locations":[{"start":{"line":143,"column":14},"end":{"line":143,"column":51}},{"start":{"line":143,"column":51},"end":{"line":143,"column":90}}],"line":143},"24":{"loc":{"start":{"line":144,"column":14},"end":{"line":144,"column":90}},"type":"binary-expr","locations":[{"start":{"line":144,"column":14},"end":{"line":144,"column":51}},{"start":{"line":144,"column":51},"end":{"line":144,"column":90}}],"line":144},"25":{"loc":{"start":{"line":145,"column":14},"end":{"line":149,"column":null}},"type":"binary-expr","locations":[{"start":{"line":145,"column":14},"end":{"line":145,"column":51}},{"start":{"line":145,"column":51},"end":{"line":149,"column":null}}],"line":145},"26":{"loc":{"start":{"line":155,"column":6},"end":{"line":159,"column":null}},"type":"if","locations":[{"start":{"line":155,"column":6},"end":{"line":159,"column":null}},{"start":{},"end":{}}],"line":155},"27":{"loc":{"start":{"line":184,"column":4},"end":{"line":184,"column":null}},"type":"if","locations":[{"start":{"line":184,"column":4},"end":{"line":184,"column":null}},{"start":{},"end":{}}],"line":184},"28":{"loc":{"start":{"line":194,"column":6},"end":{"line":194,"column":71}},"type":"binary-expr","locations":[{"start":{"line":194,"column":6},"end":{"line":194,"column":35}},{"start":{"line":194,"column":35},"end":{"line":194,"column":71}}],"line":194},"29":{"loc":{"start":{"line":197,"column":4},"end":{"line":197,"column":null}},"type":"if","locations":[{"start":{"line":197,"column":4},"end":{"line":197,"column":null}},{"start":{},"end":{}}],"line":197},"30":{"loc":{"start":{"line":197,"column":8},"end":{"line":197,"column":32}},"type":"binary-expr","locations":[{"start":{"line":197,"column":8},"end":{"line":197,"column":22}},{"start":{"line":197,"column":22},"end":{"line":197,"column":32}}],"line":197}},"s":{"0":1,"1":0,"2":0,"3":0,"4":0,"5":0,"6":0,"7":0,"8":0,"9":0,"10":0,"11":0,"12":0,"13":0,"14":0,"15":0,"16":0,"17":3,"18":3,"19":3,"20":3,"21":0,"22":3,"23":2,"24":2,"25":2,"26":2,"27":3,"28":3,"29":1,"30":1,"31":1,"32":1,"33":1,"34":1,"35":1,"36":0,"37":0,"38":0,"39":0,"40":0,"41":0,"42":0,"43":0,"44":0,"45":0,"46":0,"47":0,"48":0,"49":3,"50":0,"51":0,"52":0,"53":0,"54":0,"55":0,"56":0,"57":0,"58":0,"59":0,"60":0,"61":0,"62":0,"63":0,"64":0,"65":0,"66":0},"f":{"0":0,"1":0,"2":0,"3":3,"4":2,"5":2,"6":0,"7":0,"8":0,"9":0,"10":0},"b":{"0":[0,0],"1":[0,0],"2":[0,0],"3":[0,0],"4":[0,3],"5":[2,2],"6":[1,2],"7":[3,1],"8":[1,0],"9":[1,1],"10":[1,0],"11":[0,0],"12":[0,0],"13":[0,0],"14":[0,0],"15":[0,0,0],"16":[0,0],"17":[0,0],"18":[0,0],"19":[0,0],"20":[0,0],"21":[0,0],"22":[0,0],"23":[0,0],"24":[0,0],"25":[0,0],"26":[0,0],"27":[0,0],"28":[0,0],"29":[0,0],"30":[0,0]},"meta":{"lastBranch":31,"lastFunction":11,"lastStatement":67,"seen":{"s:8:20:20:2":0,"f:22:22:22:Infinity":0,"s:26:2:80:Infinity":1,"s:27:19:27:Infinity":2,"s:30:20:33:6":3,"b:34:4:34:Infinity:undefined:undefined:undefined:undefined":0,"s:34:4:34:Infinity":4,"s:34:18:34:Infinity":5,"s:36:20:36:84":6,"s:38:28:41:Infinity":7,"f:40:9:40:17":1,"s:40:23:40:55":8,"f:41:9:41:18":2,"s:41:18:41:45":9,"s:43:22:43:87":10,"b:43:22:43:51:43:51:43:87":1,"s:44:20:44:Infinity":11,"b:46:4:46:Infinity:undefined:undefined:undefined:undefined":2,"s:46:4:46:Infinity":12,"b:46:8:46:22:46:22:46:32":3,"s:46:32:46:Infinity":13,"s:48:25:76:6":14,"s:78:4:78:Infinity":15,"s:80:4:80:Infinity":16,"f:84:22:84:Infinity":3,"s:88:2:169:Infinity":17,"s:89:19:89:Infinity":18,"s:91:25:94:6":19,"b:95:4:95:Infinity:undefined:undefined:undefined:undefined":4,"s:95:4:95:Infinity":20,"s:95:23:95:Infinity":21,"s:97:20:97:89":22,"s:99:28:102:Infinity":23,"f:101:9:101:17":4,"s:101:23:101:60":24,"f:102:9:102:18":5,"s:102:18:102:45":25,"s:105:6:105:71":26,"b:105:6:105:35:105:35:105:71":5,"s:106:20:106:Infinity":27,"b:108:4:108:Infinity:undefined:undefined:undefined:undefined":6,"s:108:4:108:Infinity":28,"b:108:8:108:22:108:22:108:32":7,"s:108:32:108:Infinity":29,"s:110:17:110:37":30,"s:111:17:111:40":31,"b:114:4:119:Infinity:undefined:undefined:undefined:undefined":8,"s:114:4:119:Infinity":32,"b:114:8:114:45:114:45:114:77":9,"s:115:26:117:8":33,"b:118:6:119:Infinity:undefined:undefined:undefined:undefined":10,"s:118:6:119:Infinity":34,"s:119:8:119:Infinity":35,"b:124:4:129:Infinity:undefined:undefined:undefined:undefined":11,"s:124:4:129:Infinity":36,"b:125:6:126:Infinity:undefined:undefined:undefined:undefined":12,"s:125:6:126:Infinity":37,"b:125:10:125:24:125:24:125:34":13,"s:126:8:126:Infinity":38,"b:128:6:129:Infinity:undefined:undefined:undefined:undefined":14,"s:128:6:129:Infinity":39,"b:128:10:128:24:128:24:128:35:128:35:128:62":15,"s:129:8:129:Infinity":40,"s:133:20:163:Infinity":41,"f:133:46:133:53":6,"s:134:21:152:8":42,"b:137:14:137:29:137:29:137:52":16,"b:138:14:138:28:138:28:138:49":17,"b:139:14:139:30:139:30:139:55":18,"b:140:14:140:45:140:45:140:72":19,"b:141:14:141:50:141:50:141:87":20,"b:142:14:142:46:142:46:142:109":21,"b:142:76:142:100:142:103:142:109":22,"b:143:14:143:51:143:51:143:90":23,"b:144:14:144:51:144:51:144:90":24,"b:145:14:145:51:145:51:149:Infinity":25,"f:148:42:148:47":7,"s:148:60:148:71":43,"b:155:6:159:Infinity:undefined:undefined:undefined:undefined":26,"s:155:6:159:Infinity":44,"s:156:8:159:Infinity":45,"s:162:6:162:Infinity":46,"s:165:4:165:Infinity":47,"s:167:4:167:Infinity":48,"s:169:4:169:Infinity":49,"f:173:22:173:Infinity":8,"s:177:2:205:Infinity":50,"s:178:19:178:Infinity":51,"s:180:25:183:6":52,"b:184:4:184:Infinity:undefined:undefined:undefined:undefined":27,"s:184:4:184:Infinity":53,"s:184:23:184:Infinity":54,"s:186:20:186:89":55,"s:188:28:191:Infinity":56,"f:190:9:190:17":9,"s:190:23:190:60":57,"f:191:9:191:18":10,"s:191:18:191:45":58,"s:194:6:194:71":59,"b:194:6:194:35:194:35:194:71":28,"s:195:20:195:Infinity":60,"b:197:4:197:Infinity:undefined:undefined:undefined:undefined":29,"s:197:4:197:Infinity":61,"b:197:8:197:22:197:22:197:32":30,"s:197:32:197:Infinity":62,"s:199:4:199:Infinity":63,"s:201:4:201:Infinity":64,"s:203:4:203:Infinity":65,"s:205:4:205:Infinity":66}}}
,"/home/djalai/workspace/repositories/github.com/iccbretagne/koinonia/src/app/api/audit-logs/route.ts": {"path":"/home/djalai/workspace/repositories/github.com/iccbretagne/koinonia/src/app/api/audit-logs/route.ts","statementMap":{"0":{"start":{"line":6,"column":2},"end":{"line":38,"column":null}},"1":{"start":{"line":7,"column":20},"end":{"line":7,"column":39}},"2":{"start":{"line":8,"column":29},"end":{"line":8,"column":49}},"3":{"start":{"line":9,"column":17},"end":{"line":9,"column":58}},"4":{"start":{"line":10,"column":18},"end":{"line":10,"column":76}},"5":{"start":{"line":12,"column":21},"end":{"line":12,"column":54}},"6":{"start":{"line":13,"column":4},"end":{"line":13,"column":null}},"7":{"start":{"line":13,"column":19},"end":{"line":13,"column":null}},"8":{"start":{"line":14,"column":4},"end":{"line":14,"column":null}},"9":{"start":{"line":16,"column":26},"end":{"line":29,"column":6}},"10":{"start":{"line":31,"column":4},"end":{"line":36,"column":null}},"11":{"start":{"line":38,"column":4},"end":{"line":38,"column":null}}},"fnMap":{"0":{"name":"GET","decl":{"start":{"line":5,"column":22},"end":{"line":5,"column":26}},"loc":{"start":{"line":5,"column":44},"end":{"line":38,"column":null}},"line":5}},"branchMap":{"0":{"loc":{"start":{"line":9,"column":26},"end":{"line":9,"column":58}},"type":"binary-expr","locations":[{"start":{"line":9,"column":26},"end":{"line":9,"column":50}},{"start":{"line":9,"column":54},"end":{"line":9,"column":58}}],"line":9},"1":{"loc":{"start":{"line":10,"column":36},"end":{"line":10,"column":70}},"type":"binary-expr","locations":[{"start":{"line":10,"column":36},"end":{"line":10,"column":61}},{"start":{"line":10,"column":65},"end":{"line":10,"column":70}}],"line":10},"2":{"loc":{"start":{"line":13,"column":4},"end":{"line":13,"column":null}},"type":"if","locations":[{"start":{"line":13,"column":4},"end":{"line":13,"column":null}},{"start":{},"end":{}}],"line":13},"3":{"loc":{"start":{"line":18,"column":15},"end":{"line":18,"column":null}},"type":"cond-expr","locations":[{"start":{"line":18,"column":26},"end":{"line":18,"column":38}},{"start":{"line":18,"column":41},"end":{"line":18,"column":null}}],"line":18},"4":{"loc":{"start":{"line":27,"column":15},"end":{"line":27,"column":null}},"type":"cond-expr","locations":[{"start":{"line":27,"column":26},"end":{"line":27,"column":38}},{"start":{"line":27,"column":41},"end":{"line":27,"column":null}}],"line":27}},"s":{"0":0,"1":0,"2":0,"3":0,"4":0,"5":0,"6":0,"7":0,"8":0,"9":0,"10":0,"11":0},"f":{"0":0},"b":{"0":[0,0],"1":[0,0],"2":[0,0],"3":[0,0],"4":[0,0]},"meta":{"lastBranch":5,"lastFunction":1,"lastStatement":12,"seen":{"f:5:22:5:26":0,"s:6:2:38:Infinity":0,"s:7:20:7:39":1,"s:8:29:8:49":2,"s:9:17:9:58":3,"b:9:26:9:50:9:54:9:58":0,"s:10:18:10:76":4,"b:10:36:10:61:10:65:10:70":1,"s:12:21:12:54":5,"b:13:4:13:Infinity:undefined:undefined:undefined:undefined":2,"s:13:4:13:Infinity":6,"s:13:19:13:Infinity":7,"s:14:4:14:Infinity":8,"s:16:26:29:6":9,"b:18:26:18:38:18:41:18:Infinity":3,"b:27:26:27:38:27:41:27:Infinity":4,"s:31:4:36:Infinity":10,"s:38:4:38:Infinity":11}}}
,"/home/djalai/workspace/repositories/github.com/iccbretagne/koinonia/src/app/api/auth/[...nextauth]/route.ts": {"path":"/home/djalai/workspace/repositories/github.com/iccbretagne/koinonia/src/app/api/auth/[...nextauth]/route.ts","statementMap":{"0":{"start":{"line":6,"column":23},"end":{"line":6,"column":null}},"1":{"start":{"line":8,"column":31},"end":{"line":8,"column":null}},"2":{"start":{"line":11,"column":2},"end":{"line":15,"column":null}},"3":{"start":{"line":12,"column":4},"end":{"line":12,"column":null}},"4":{"start":{"line":13,"column":4},"end":{"line":13,"column":null}},"5":{"start":{"line":15,"column":4},"end":{"line":15,"column":null}}},"fnMap":{"0":{"name":"POST","decl":{"start":{"line":10,"column":22},"end":{"line":10,"column":27}},"loc":{"start":{"line":10,"column":49},"end":{"line":15,"column":null}},"line":10}},"branchMap":{},"s":{"0":0,"1":0,"2":0,"3":0,"4":0,"5":0},"f":{"0":0},"b":{},"meta":{"lastBranch":0,"lastFunction":1,"lastStatement":6,"seen":{"s:6:23:6:Infinity":0,"s:8:31:8:Infinity":1,"f:10:22:10:27":0,"s:11:2:15:Infinity":2,"s:12:4:12:Infinity":3,"s:13:4:13:Infinity":4,"s:15:4:15:Infinity":5}}}
,"/home/djalai/workspace/repositories/github.com/iccbretagne/koinonia/src/app/api/churches/route.ts": {"path":"/home/djalai/workspace/repositories/github.com/iccbretagne/koinonia/src/app/api/churches/route.ts","statementMap":{"0":{"start":{"line":8,"column":18},"end":{"line":8,"column":37}},"1":{"start":{"line":9,"column":2},"end":{"line":9,"column":null}},"2":{"start":{"line":9,"column":40},"end":{"line":9,"column":null}},"3":{"start":{"line":11,"column":2},"end":{"line":11,"column":null}},"4":{"start":{"line":15,"column":2},"end":{"line":27,"column":null}},"5":{"start":{"line":16,"column":4},"end":{"line":16,"column":null}},"6":{"start":{"line":18,"column":21},"end":{"line":23,"column":6}},"7":{"start":{"line":25,"column":4},"end":{"line":25,"column":null}},"8":{"start":{"line":27,"column":4},"end":{"line":27,"column":null}},"9":{"start":{"line":31,"column":19},"end":{"line":38,"column":2}},"10":{"start":{"line":41,"column":2},"end":{"line":111,"column":null}},"11":{"start":{"line":42,"column":25},"end":{"line":42,"column":64}},"12":{"start":{"line":43,"column":17},"end":{"line":43,"column":37}},"13":{"start":{"line":44,"column":34},"end":{"line":44,"column":56}},"14":{"start":{"line":46,"column":4},"end":{"line":94,"column":null}},"15":{"start":{"line":47,"column":6},"end":{"line":90,"column":null}},"16":{"start":{"line":48,"column":14},"end":{"line":50,"column":26}},"17":{"start":{"line":50,"column":21},"end":{"line":50,"column":26}},"18":{"start":{"line":51,"column":24},"end":{"line":53,"column":14}},"19":{"start":{"line":52,"column":124},"end":{"line":52,"column":129}},"20":{"start":{"line":54,"column":8},"end":{"line":61,"column":null}},"21":{"start":{"line":55,"column":16},"end":{"line":57,"column":30}},"22":{"start":{"line":57,"column":24},"end":{"line":57,"column":30}},"23":{"start":{"line":58,"column":10},"end":{"line":58,"column":null}},"24":{"start":{"line":59,"column":10},"end":{"line":59,"column":null}},"25":{"start":{"line":60,"column":10},"end":{"line":60,"column":null}},"26":{"start":{"line":61,"column":10},"end":{"line":61,"column":null}},"27":{"start":{"line":64,"column":14},"end":{"line":66,"column":26}},"28":{"start":{"line":66,"column":21},"end":{"line":66,"column":26}},"29":{"start":{"line":67,"column":8},"end":{"line":72,"column":null}},"30":{"start":{"line":68,"column":16},"end":{"line":70,"column":30}},"31":{"start":{"line":70,"column":24},"end":{"line":70,"column":30}},"32":{"start":{"line":71,"column":10},"end":{"line":71,"column":null}},"33":{"start":{"line":72,"column":10},"end":{"line":72,"column":null}},"34":{"start":{"line":74,"column":8},"end":{"line":75,"column":null}},"35":{"start":{"line":75,"column":10},"end":{"line":75,"column":null}},"36":{"start":{"line":77,"column":8},"end":{"line":78,"column":null}},"37":{"start":{"line":78,"column":10},"end":{"line":78,"column":null}},"38":{"start":{"line":80,"column":8},"end":{"line":80,"column":null}},"39":{"start":{"line":82,"column":14},"end":{"line":84,"column":26}},"40":{"start":{"line":84,"column":21},"end":{"line":84,"column":26}},"41":{"start":{"line":85,"column":8},"end":{"line":86,"column":null}},"42":{"start":{"line":86,"column":10},"end":{"line":86,"column":null}},"43":{"start":{"line":88,"column":8},"end":{"line":88,"column":null}},"44":{"start":{"line":89,"column":8},"end":{"line":89,"column":null}},"45":{"start":{"line":91,"column":6},"end":{"line":92,"column":null}},"46":{"start":{"line":92,"column":8},"end":{"line":92,"column":null}},"47":{"start":{"line":94,"column":6},"end":{"line":94,"column":null}},"48":{"start":{"line":97,"column":4},"end":{"line":98,"column":null}},"49":{"start":{"line":98,"column":6},"end":{"line":98,"column":null}},"50":{"start":{"line":101,"column":4},"end":{"line":104,"column":null}},"51":{"start":{"line":106,"column":4},"end":{"line":107,"column":null}},"52":{"start":{"line":107,"column":6},"end":{"line":107,"column":null}},"53":{"start":{"line":109,"column":4},"end":{"line":109,"column":null}},"54":{"start":{"line":111,"column":4},"end":{"line":111,"column":null}},"55":{"start":{"line":116,"column":2},"end":{"line":121,"column":null}},"56":{"start":{"line":124,"column":21},"end":{"line":127,"column":2}},"57":{"start":{"line":130,"column":2},"end":{"line":180,"column":null}},"58":{"start":{"line":131,"column":24},"end":{"line":131,"column":63}},"59":{"start":{"line":132,"column":17},"end":{"line":132,"column":37}},"60":{"start":{"line":133,"column":19},"end":{"line":133,"column":43}},"61":{"start":{"line":134,"column":17},"end":{"line":134,"column":57}},"62":{"start":{"line":136,"column":19},"end":{"line":138,"column":6}},"63":{"start":{"line":141,"column":28},"end":{"line":144,"column":6}},"64":{"start":{"line":145,"column":30},"end":{"line":145,"column":75}},"65":{"start":{"line":145,"column":65},"end":{"line":145,"column":74}},"66":{"start":{"line":148,"column":33},"end":{"line":153,"column":6}},"67":{"start":{"line":150,"column":82},"end":{"line":150,"column":104}},"68":{"start":{"line":154,"column":4},"end":{"line":155,"column":null}},"69":{"start":{"line":155,"column":6},"end":{"line":155,"column":null}},"70":{"start":{"line":158,"column":4},"end":{"line":173,"column":null}},"71":{"start":{"line":159,"column":6},"end":{"line":173,"column":null}},"72":{"start":{"line":176,"column":4},"end":{"line":176,"column":null}},"73":{"start":{"line":178,"column":4},"end":{"line":178,"column":null}},"74":{"start":{"line":180,"column":4},"end":{"line":180,"column":null}}},"fnMap":{"0":{"name":"requireChurchManageOrSuperAdmin","decl":{"start":{"line":7,"column":15},"end":{"line":7,"column":49}},"loc":{"start":{"line":7,"column":49},"end":{"line":11,"column":null}},"line":7},"1":{"name":"GET","decl":{"start":{"line":14,"column":22},"end":{"line":14,"column":28}},"loc":{"start":{"line":14,"column":28},"end":{"line":27,"column":null}},"line":14},"2":{"name":"PATCH","decl":{"start":{"line":40,"column":22},"end":{"line":40,"column":28}},"loc":{"start":{"line":40,"column":46},"end":{"line":111,"column":null}},"line":40},"3":{"name":"(anonymous_3)","decl":{"start":{"line":47,"column":32},"end":{"line":47,"column":39}},"loc":{"start":{"line":47,"column":46},"end":{"line":90,"column":null}},"line":47},"4":{"name":"(anonymous_4)","decl":{"start":{"line":50,"column":10},"end":{"line":50,"column":15}},"loc":{"start":{"line":50,"column":21},"end":{"line":50,"column":26}},"line":50},"5":{"name":"(anonymous_5)","decl":{"start":{"line":52,"column":113},"end":{"line":52,"column":118}},"loc":{"start":{"line":52,"column":124},"end":{"line":52,"column":129}},"line":52},"6":{"name":"(anonymous_6)","decl":{"start":{"line":57,"column":12},"end":{"line":57,"column":17}},"loc":{"start":{"line":57,"column":24},"end":{"line":57,"column":30}},"line":57},"7":{"name":"(anonymous_7)","decl":{"start":{"line":66,"column":10},"end":{"line":66,"column":15}},"loc":{"start":{"line":66,"column":21},"end":{"line":66,"column":26}},"line":66},"8":{"name":"(anonymous_8)","decl":{"start":{"line":70,"column":12},"end":{"line":70,"column":17}},"loc":{"start":{"line":70,"column":24},"end":{"line":70,"column":30}},"line":70},"9":{"name":"(anonymous_9)","decl":{"start":{"line":84,"column":10},"end":{"line":84,"column":15}},"loc":{"start":{"line":84,"column":21},"end":{"line":84,"column":26}},"line":84},"10":{"name":"generateSlug","decl":{"start":{"line":115,"column":9},"end":{"line":115,"column":22}},"loc":{"start":{"line":115,"column":44},"end":{"line":121,"column":null}},"line":115},"11":{"name":"POST","decl":{"start":{"line":129,"column":22},"end":{"line":129,"column":27}},"loc":{"start":{"line":129,"column":45},"end":{"line":180,"column":null}},"line":129},"12":{"name":"(anonymous_12)","decl":{"start":{"line":145,"column":54},"end":{"line":145,"column":59}},"loc":{"start":{"line":145,"column":65},"end":{"line":145,"column":74}},"line":145},"13":{"name":"(anonymous_13)","decl":{"start":{"line":150,"column":71},"end":{"line":150,"column":76}},"loc":{"start":{"line":150,"column":82},"end":{"line":150,"column":104}},"line":150}},"branchMap":{"0":{"loc":{"start":{"line":9,"column":2},"end":{"line":9,"column":null}},"type":"if","locations":[{"start":{"line":9,"column":2},"end":{"line":9,"column":null}},{"start":{},"end":{}}],"line":9},"1":{"loc":{"start":{"line":46,"column":4},"end":{"line":94,"column":null}},"type":"if","locations":[{"start":{"line":46,"column":4},"end":{"line":94,"column":null}},{"start":{},"end":{}}],"line":46},"2":{"loc":{"start":{"line":51,"column":24},"end":{"line":53,"column":14}},"type":"cond-expr","locations":[{"start":{"line":51,"column":45},"end":{"line":52,"column":129}},{"start":{"line":53,"column":12},"end":{"line":53,"column":14}}],"line":51},"3":{"loc":{"start":{"line":54,"column":8},"end":{"line":61,"column":null}},"type":"if","locations":[{"start":{"line":54,"column":8},"end":{"line":61,"column":null}},{"start":{},"end":{}}],"line":54},"4":{"loc":{"start":{"line":67,"column":8},"end":{"line":72,"column":null}},"type":"if","locations":[{"start":{"line":67,"column":8},"end":{"line":72,"column":null}},{"start":{},"end":{}}],"line":67},"5":{"loc":{"start":{"line":74,"column":8},"end":{"line":75,"column":null}},"type":"if","locations":[{"start":{"line":74,"column":8},"end":{"line":75,"column":null}},{"start":{},"end":{}}],"line":74},"6":{"loc":{"start":{"line":77,"column":8},"end":{"line":78,"column":null}},"type":"if","locations":[{"start":{"line":77,"column":8},"end":{"line":78,"column":null}},{"start":{},"end":{}}],"line":77},"7":{"loc":{"start":{"line":85,"column":8},"end":{"line":86,"column":null}},"type":"if","locations":[{"start":{"line":85,"column":8},"end":{"line":86,"column":null}},{"start":{},"end":{}}],"line":85},"8":{"loc":{"start":{"line":97,"column":4},"end":{"line":98,"column":null}},"type":"if","locations":[{"start":{"line":97,"column":4},"end":{"line":98,"column":null}},{"start":{},"end":{}}],"line":97},"9":{"loc":{"start":{"line":97,"column":8},"end":{"line":97,"column":49}},"type":"binary-expr","locations":[{"start":{"line":97,"column":8},"end":{"line":97,"column":17}},{"start":{"line":97,"column":17},"end":{"line":97,"column":49}}],"line":97},"10":{"loc":{"start":{"line":134,"column":17},"end":{"line":134,"column":57}},"type":"binary-expr","locations":[{"start":{"line":134,"column":17},"end":{"line":134,"column":32}},{"start":{"line":134,"column":32},"end":{"line":134,"column":57}}],"line":134},"11":{"loc":{"start":{"line":150,"column":22},"end":{"line":150,"column":60}},"type":"binary-expr","locations":[{"start":{"line":150,"column":22},"end":{"line":150,"column":56}},{"start":{"line":150,"column":56},"end":{"line":150,"column":60}}],"line":150}},"s":{"0":0,"1":0,"2":0,"3":0,"4":0,"5":0,"6":0,"7":0,"8":0,"9":0,"10":0,"11":0,"12":0,"13":0,"14":0,"15":0,"16":0,"17":0,"18":0,"19":0,"20":0,"21":0,"22":0,"23":0,"24":0,"25":0,"26":0,"27":0,"28":0,"29":0,"30":0,"31":0,"32":0,"33":0,"34":0,"35":0,"36":0,"37":0,"38":0,"39":0,"40":0,"41":0,"42":0,"43":0,"44":0,"45":0,"46":0,"47":0,"48":0,"49":0,"50":0,"51":0,"52":0,"53":0,"54":0,"55":0,"56":0,"57":0,"58":0,"59":0,"60":0,"61":0,"62":0,"63":0,"64":0,"65":0,"66":0,"67":0,"68":0,"69":0,"70":0,"71":0,"72":0,"73":0,"74":0},"f":{"0":0,"1":0,"2":0,"3":0,"4":0,"5":0,"6":0,"7":0,"8":0,"9":0,"10":0,"11":0,"12":0,"13":0},"b":{"0":[0,0],"1":[0,0],"2":[0,0],"3":[0,0],"4":[0,0],"5":[0,0],"6":[0,0],"7":[0,0],"8":[0,0],"9":[0,0],"10":[0,0],"11":[0,0]},"meta":{"lastBranch":12,"lastFunction":14,"lastStatement":75,"seen":{"f:7:15:7:49":0,"s:8:18:8:37":0,"b:9:2:9:Infinity:undefined:undefined:undefined:undefined":0,"s:9:2:9:Infinity":1,"s:9:40:9:Infinity":2,"s:11:2:11:Infinity":3,"f:14:22:14:28":1,"s:15:2:27:Infinity":4,"s:16:4:16:Infinity":5,"s:18:21:23:6":6,"s:25:4:25:Infinity":7,"s:27:4:27:Infinity":8,"s:31:19:38:2":9,"f:40:22:40:28":2,"s:41:2:111:Infinity":10,"s:42:25:42:64":11,"s:43:17:43:37":12,"s:44:34:44:56":13,"b:46:4:94:Infinity:undefined:undefined:undefined:undefined":1,"s:46:4:94:Infinity":14,"s:47:6:90:Infinity":15,"f:47:32:47:39":3,"s:48:14:50:26":16,"f:50:10:50:15":4,"s:50:21:50:26":17,"s:51:24:53:14":18,"b:51:45:52:129:53:12:53:14":2,"f:52:113:52:118":5,"s:52:124:52:129":19,"b:54:8:61:Infinity:undefined:undefined:undefined:undefined":3,"s:54:8:61:Infinity":20,"s:55:16:57:30":21,"f:57:12:57:17":6,"s:57:24:57:30":22,"s:58:10:58:Infinity":23,"s:59:10:59:Infinity":24,"s:60:10:60:Infinity":25,"s:61:10:61:Infinity":26,"s:64:14:66:26":27,"f:66:10:66:15":7,"s:66:21:66:26":28,"b:67:8:72:Infinity:undefined:undefined:undefined:undefined":4,"s:67:8:72:Infinity":29,"s:68:16:70:30":30,"f:70:12:70:17":8,"s:70:24:70:30":31,"s:71:10:71:Infinity":32,"s:72:10:72:Infinity":33,"b:74:8:75:Infinity:undefined:undefined:undefined:undefined":5,"s:74:8:75:Infinity":34,"s:75:10:75:Infinity":35,"b:77:8:78:Infinity:undefined:undefined:undefined:undefined":6,"s:77:8:78:Infinity":36,"s:78:10:78:Infinity":37,"s:80:8:80:Infinity":38,"s:82:14:84:26":39,"f:84:10:84:15":9,"s:84:21:84:26":40,"b:85:8:86:Infinity:undefined:undefined:undefined:undefined":7,"s:85:8:86:Infinity":41,"s:86:10:86:Infinity":42,"s:88:8:88:Infinity":43,"s:89:8:89:Infinity":44,"s:91:6:92:Infinity":45,"s:92:8:92:Infinity":46,"s:94:6:94:Infinity":47,"b:97:4:98:Infinity:undefined:undefined:undefined:undefined":8,"s:97:4:98:Infinity":48,"b:97:8:97:17:97:17:97:49":9,"s:98:6:98:Infinity":49,"s:101:4:104:Infinity":50,"s:106:4:107:Infinity":51,"s:107:6:107:Infinity":52,"s:109:4:109:Infinity":53,"s:111:4:111:Infinity":54,"f:115:9:115:22":10,"s:116:2:121:Infinity":55,"s:124:21:127:2":56,"f:129:22:129:27":11,"s:130:2:180:Infinity":57,"s:131:24:131:63":58,"s:132:17:132:37":59,"s:133:19:133:43":60,"s:134:17:134:57":61,"b:134:17:134:32:134:32:134:57":10,"s:136:19:138:6":62,"s:141:28:144:6":63,"s:145:30:145:75":64,"f:145:54:145:59":12,"s:145:65:145:74":65,"s:148:33:153:6":66,"b:150:22:150:56:150:56:150:60":11,"f:150:71:150:76":13,"s:150:82:150:104":67,"s:154:4:155:Infinity":68,"s:155:6:155:Infinity":69,"s:158:4:173:Infinity":70,"s:159:6:173:Infinity":71,"s:176:4:176:Infinity":72,"s:178:4:178:Infinity":73,"s:180:4:180:Infinity":74}}}
,"/home/djalai/workspace/repositories/github.com/iccbretagne/koinonia/src/app/api/churches/[churchId]/route.ts": {"path":"/home/djalai/workspace/repositories/github.com/iccbretagne/koinonia/src/app/api/churches/[churchId]/route.ts","statementMap":{"0":{"start":{"line":7,"column":21},"end":{"line":11,"column":2}},"1":{"start":{"line":17,"column":2},"end":{"line":32,"column":null}},"2":{"start":{"line":18,"column":25},"end":{"line":18,"column":null}},"3":{"start":{"line":19,"column":20},"end":{"line":19,"column":76}},"4":{"start":{"line":20,"column":17},"end":{"line":20,"column":37}},"5":{"start":{"line":21,"column":17},"end":{"line":21,"column":41}},"6":{"start":{"line":23,"column":19},"end":{"line":26,"column":6}},"7":{"start":{"line":28,"column":4},"end":{"line":28,"column":null}},"8":{"start":{"line":30,"column":4},"end":{"line":30,"column":null}},"9":{"start":{"line":32,"column":4},"end":{"line":32,"column":null}},"10":{"start":{"line":40,"column":2},"end":{"line":66,"column":null}},"11":{"start":{"line":41,"column":25},"end":{"line":41,"column":null}},"12":{"start":{"line":42,"column":23},"end":{"line":42,"column":79}},"13":{"start":{"line":44,"column":19},"end":{"line":47,"column":6}},"14":{"start":{"line":49,"column":4},"end":{"line":50,"column":null}},"15":{"start":{"line":50,"column":6},"end":{"line":50,"column":null}},"16":{"start":{"line":53,"column":4},"end":{"line":57,"column":null}},"17":{"start":{"line":54,"column":6},"end":{"line":57,"column":null}},"18":{"start":{"line":60,"column":4},"end":{"line":60,"column":null}},"19":{"start":{"line":62,"column":4},"end":{"line":62,"column":null}},"20":{"start":{"line":64,"column":4},"end":{"line":64,"column":null}},"21":{"start":{"line":66,"column":4},"end":{"line":66,"column":null}}},"fnMap":{"0":{"name":"PUT","decl":{"start":{"line":13,"column":22},"end":{"line":13,"column":null}},"loc":{"start":{"line":16,"column":2},"end":{"line":32,"column":null}},"line":16},"1":{"name":"DELETE","decl":{"start":{"line":36,"column":22},"end":{"line":36,"column":null}},"loc":{"start":{"line":39,"column":2},"end":{"line":66,"column":null}},"line":39}},"branchMap":{"0":{"loc":{"start":{"line":49,"column":4},"end":{"line":50,"column":null}},"type":"if","locations":[{"start":{"line":49,"column":4},"end":{"line":50,"column":null}},{"start":{},"end":{}}],"line":49},"1":{"loc":{"start":{"line":53,"column":4},"end":{"line":57,"column":null}},"type":"if","locations":[{"start":{"line":53,"column":4},"end":{"line":57,"column":null}},{"start":{},"end":{}}],"line":53},"2":{"loc":{"start":{"line":53,"column":8},"end":{"line":53,"column":93}},"type":"binary-expr","locations":[{"start":{"line":53,"column":8},"end":{"line":53,"column":35}},{"start":{"line":53,"column":35},"end":{"line":53,"column":67}},{"start":{"line":53,"column":67},"end":{"line":53,"column":93}}],"line":53}},"s":{"0":0,"1":0,"2":0,"3":0,"4":0,"5":0,"6":0,"7":0,"8":0,"9":0,"10":0,"11":0,"12":0,"13":0,"14":0,"15":0,"16":0,"17":0,"18":0,"19":0,"20":0,"21":0},"f":{"0":0,"1":0},"b":{"0":[0,0],"1":[0,0],"2":[0,0,0]},"meta":{"lastBranch":3,"lastFunction":2,"lastStatement":22,"seen":{"s:7:21:11:2":0,"f:13:22:13:Infinity":0,"s:17:2:32:Infinity":1,"s:18:25:18:Infinity":2,"s:19:20:19:76":3,"s:20:17:20:37":4,"s:21:17:21:41":5,"s:23:19:26:6":6,"s:28:4:28:Infinity":7,"s:30:4:30:Infinity":8,"s:32:4:32:Infinity":9,"f:36:22:36:Infinity":1,"s:40:2:66:Infinity":10,"s:41:25:41:Infinity":11,"s:42:23:42:79":12,"s:44:19:47:6":13,"b:49:4:50:Infinity:undefined:undefined:undefined:undefined":0,"s:49:4:50:Infinity":14,"s:50:6:50:Infinity":15,"b:53:4:57:Infinity:undefined:undefined:undefined:undefined":1,"s:53:4:57:Infinity":16,"b:53:8:53:35:53:35:53:67:53:67:53:93":2,"s:54:6:57:Infinity":17,"s:60:4:60:Infinity":18,"s:62:4:62:Infinity":19,"s:64:4:64:Infinity":20,"s:66:4:66:Infinity":21}}}
,"/home/djalai/workspace/repositories/github.com/iccbretagne/koinonia/src/app/api/churches/[churchId]/events/route.ts": {"path":"/home/djalai/workspace/repositories/github.com/iccbretagne/koinonia/src/app/api/churches/[churchId]/events/route.ts","statementMap":{"0":{"start":{"line":9,"column":2},"end":{"line":39,"column":null}},"1":{"start":{"line":10,"column":25},"end":{"line":10,"column":null}},"2":{"start":{"line":11,"column":4},"end":{"line":11,"column":null}},"3":{"start":{"line":13,"column":16},"end":{"line":13,"column":36}},"4":{"start":{"line":14,"column":18},"end":{"line":14,"column":47}},"5":{"start":{"line":16,"column":72},"end":{"line":17,"column":null}},"6":{"start":{"line":20,"column":4},"end":{"line":24,"column":null}},"7":{"start":{"line":21,"column":24},"end":{"line":21,"column":52}},"8":{"start":{"line":22,"column":20},"end":{"line":22,"column":44}},"9":{"start":{"line":23,"column":18},"end":{"line":23,"column":38}},"10":{"start":{"line":24,"column":6},"end":{"line":24,"column":null}},"11":{"start":{"line":27,"column":19},"end":{"line":35,"column":6}},"12":{"start":{"line":37,"column":4},"end":{"line":37,"column":null}},"13":{"start":{"line":39,"column":4},"end":{"line":39,"column":null}}},"fnMap":{"0":{"name":"GET","decl":{"start":{"line":5,"column":22},"end":{"line":5,"column":null}},"loc":{"start":{"line":8,"column":2},"end":{"line":39,"column":null}},"line":8}},"branchMap":{"0":{"loc":{"start":{"line":20,"column":4},"end":{"line":24,"column":null}},"type":"if","locations":[{"start":{"line":20,"column":4},"end":{"line":24,"column":null}},{"start":{},"end":{}}],"line":20}},"s":{"0":0,"1":0,"2":0,"3":0,"4":0,"5":0,"6":0,"7":0,"8":0,"9":0,"10":0,"11":0,"12":0,"13":0},"f":{"0":0},"b":{"0":[0,0]},"meta":{"lastBranch":1,"lastFunction":1,"lastStatement":14,"seen":{"f:5:22:5:Infinity":0,"s:9:2:39:Infinity":0,"s:10:25:10:Infinity":1,"s:11:4:11:Infinity":2,"s:13:16:13:36":3,"s:14:18:14:47":4,"s:16:72:17:Infinity":5,"b:20:4:24:Infinity:undefined:undefined:undefined:undefined":0,"s:20:4:24:Infinity":6,"s:21:24:21:52":7,"s:22:20:22:44":8,"s:23:18:23:38":9,"s:24:6:24:Infinity":10,"s:27:19:35:6":11,"s:37:4:37:Infinity":12,"s:39:4:39:Infinity":13}}}
,"/home/djalai/workspace/repositories/github.com/iccbretagne/koinonia/src/app/api/churches/onboard/route.ts": {"path":"/home/djalai/workspace/repositories/github.com/iccbretagne/koinonia/src/app/api/churches/onboard/route.ts","statementMap":{"0":{"start":{"line":8,"column":22},"end":{"line":15,"column":2}},"1":{"start":{"line":18,"column":2},"end":{"line":85,"column":null}},"2":{"start":{"line":19,"column":20},"end":{"line":19,"column":60}},"3":{"start":{"line":20,"column":4},"end":{"line":20,"column":null}},"4":{"start":{"line":21,"column":17},"end":{"line":21,"column":37}},"5":{"start":{"line":22,"column":39},"end":{"line":22,"column":64}},"6":{"start":{"line":25,"column":21},"end":{"line":25,"column":72}},"7":{"start":{"line":26,"column":4},"end":{"line":27,"column":null}},"8":{"start":{"line":27,"column":6},"end":{"line":27,"column":null}},"9":{"start":{"line":30,"column":19},"end":{"line":72,"column":null}},"10":{"start":{"line":31,"column":24},"end":{"line":33,"column":8}},"11":{"start":{"line":36,"column":6},"end":{"line":51,"column":null}},"12":{"start":{"line":37,"column":19},"end":{"line":37,"column":77}},"13":{"start":{"line":39,"column":8},"end":{"line":42,"column":null}},"14":{"start":{"line":40,"column":10},"end":{"line":42,"column":null}},"15":{"start":{"line":45,"column":8},"end":{"line":51,"column":null}},"16":{"start":{"line":55,"column":6},"end":{"line":69,"column":null}},"17":{"start":{"line":71,"column":6},"end":{"line":71,"column":null}},"18":{"start":{"line":74,"column":4},"end":{"line":81,"column":null}},"19":{"start":{"line":83,"column":4},"end":{"line":83,"column":null}},"20":{"start":{"line":85,"column":4},"end":{"line":85,"column":null}}},"fnMap":{"0":{"name":"POST","decl":{"start":{"line":17,"column":22},"end":{"line":17,"column":27}},"loc":{"start":{"line":17,"column":45},"end":{"line":85,"column":null}},"line":17},"1":{"name":"(anonymous_1)","decl":{"start":{"line":30,"column":45},"end":{"line":30,"column":52}},"loc":{"start":{"line":30,"column":59},"end":{"line":72,"column":null}},"line":30}},"branchMap":{"0":{"loc":{"start":{"line":26,"column":4},"end":{"line":27,"column":null}},"type":"if","locations":[{"start":{"line":26,"column":4},"end":{"line":27,"column":null}},{"start":{},"end":{}}],"line":26},"1":{"loc":{"start":{"line":36,"column":6},"end":{"line":51,"column":null}},"type":"if","locations":[{"start":{"line":36,"column":6},"end":{"line":51,"column":null}},{"start":{},"end":{}}],"line":36},"2":{"loc":{"start":{"line":39,"column":8},"end":{"line":42,"column":null}},"type":"if","locations":[{"start":{"line":39,"column":8},"end":{"line":42,"column":null}},{"start":{},"end":{}}],"line":39}},"s":{"0":0,"1":0,"2":0,"3":0,"4":0,"5":0,"6":0,"7":0,"8":0,"9":0,"10":0,"11":0,"12":0,"13":0,"14":0,"15":0,"16":0,"17":0,"18":0,"19":0,"20":0},"f":{"0":0,"1":0},"b":{"0":[0,0],"1":[0,0],"2":[0,0]},"meta":{"lastBranch":3,"lastFunction":2,"lastStatement":21,"seen":{"s:8:22:15:2":0,"f:17:22:17:27":0,"s:18:2:85:Infinity":1,"s:19:20:19:60":2,"s:20:4:20:Infinity":3,"s:21:17:21:37":4,"s:22:39:22:64":5,"s:25:21:25:72":6,"b:26:4:27:Infinity:undefined:undefined:undefined:undefined":0,"s:26:4:27:Infinity":7,"s:27:6:27:Infinity":8,"s:30:19:72:Infinity":9,"f:30:45:30:52":1,"s:31:24:33:8":10,"b:36:6:51:Infinity:undefined:undefined:undefined:undefined":1,"s:36:6:51:Infinity":11,"s:37:19:37:77":12,"b:39:8:42:Infinity:undefined:undefined:undefined:undefined":2,"s:39:8:42:Infinity":13,"s:40:10:42:Infinity":14,"s:45:8:51:Infinity":15,"s:55:6:69:Infinity":16,"s:71:6:71:Infinity":17,"s:74:4:81:Infinity":18,"s:83:4:83:Infinity":19,"s:85:4:85:Infinity":20}}}
,"/home/djalai/workspace/repositories/github.com/iccbretagne/koinonia/src/app/api/cron/route.ts": {"path":"/home/djalai/workspace/repositories/github.com/iccbretagne/koinonia/src/app/api/cron/route.ts","statementMap":{"0":{"start":{"line":6,"column":21},"end":{"line":6,"column":57}},"1":{"start":{"line":7,"column":21},"end":{"line":7,"column":null}},"2":{"start":{"line":8,"column":2},"end":{"line":9,"column":null}},"3":{"start":{"line":9,"column":4},"end":{"line":9,"column":null}},"4":{"start":{"line":18,"column":14},"end":{"line":18,"column":24}},"5":{"start":{"line":19,"column":23},"end":{"line":19,"column":81}},"6":{"start":{"line":21,"column":19},"end":{"line":28,"column":4}},"7":{"start":{"line":30,"column":19},"end":{"line":30,"column":null}},"8":{"start":{"line":31,"column":29},"end":{"line":31,"column":null}},"9":{"start":{"line":33,"column":2},"end":{"line":107,"column":null}},"10":{"start":{"line":34,"column":22},"end":{"line":34,"column":28}},"11":{"start":{"line":36,"column":4},"end":{"line":97,"column":null}},"12":{"start":{"line":37,"column":25},"end":{"line":37,"column":38}},"13":{"start":{"line":38,"column":6},"end":{"line":38,"column":null}},"14":{"start":{"line":39,"column":25},"end":{"line":39,"column":104}},"15":{"start":{"line":40,"column":23},"end":{"line":40,"column":64}},"16":{"start":{"line":42,"column":21},"end":{"line":58,"column":8}},"17":{"start":{"line":60,"column":6},"end":{"line":97,"column":null}},"18":{"start":{"line":61,"column":8},"end":{"line":97,"column":null}},"19":{"start":{"line":62,"column":10},"end":{"line":97,"column":null}},"20":{"start":{"line":63,"column":27},"end":{"line":63,"column":null}},"21":{"start":{"line":64,"column":31},"end":{"line":64,"column":null}},"22":{"start":{"line":65,"column":29},"end":{"line":71,"column":14}},"23":{"start":{"line":73,"column":12},"end":{"line":78,"column":null}},"24":{"start":{"line":74,"column":14},"end":{"line":78,"column":null}},"25":{"start":{"line":75,"column":16},"end":{"line":75,"column":null}},"26":{"start":{"line":76,"column":16},"end":{"line":76,"column":null}},"27":{"start":{"line":78,"column":16},"end":{"line":78,"column":null}},"28":{"start":{"line":82,"column":30},"end":{"line":85,"column":14}},"29":{"start":{"line":87,"column":12},"end":{"line":97,"column":null}},"30":{"start":{"line":88,"column":14},"end":{"line":96,"column":null}},"31":{"start":{"line":97,"column":14},"end":{"line":97,"column":null}},"32":{"start":{"line":104,"column":4},"end":{"line":107,"column":null}},"33":{"start":{"line":110,"column":2},"end":{"line":110,"column":null}},"34":{"start":{"line":118,"column":14},"end":{"line":118,"column":24}},"35":{"start":{"line":120,"column":19},"end":{"line":122,"column":4}},"36":{"start":{"line":124,"column":20},"end":{"line":124,"column":null}},"37":{"start":{"line":126,"column":2},"end":{"line":197,"column":null}},"38":{"start":{"line":127,"column":4},"end":{"line":127,"column":null}},"39":{"start":{"line":127,"column":34},"end":{"line":127,"column":null}},"40":{"start":{"line":129,"column":18},"end":{"line":129,"column":64}},"41":{"start":{"line":132,"column":25},"end":{"line":140,"column":6}},"42":{"start":{"line":142,"column":4},"end":{"line":142,"column":null}},"43":{"start":{"line":142,"column":35},"end":{"line":142,"column":null}},"44":{"start":{"line":145,"column":33},"end":{"line":145,"column":82}},"45":{"start":{"line":145,"column":69},"end":{"line":145,"column":80}},"46":{"start":{"line":147,"column":23},"end":{"line":156,"column":6}},"47":{"start":{"line":159,"column":20},"end":{"line":175,"column":null}},"48":{"start":{"line":160,"column":24},"end":{"line":160,"column":73}},"49":{"start":{"line":160,"column":48},"end":{"line":160,"column":73}},"50":{"start":{"line":161,"column":6},"end":{"line":161,"column":null}},"51":{"start":{"line":161,"column":22},"end":{"line":161,"column":null}},"52":{"start":{"line":164,"column":8},"end":{"line":164,"column":null}},"53":{"start":{"line":166,"column":6},"end":{"line":174,"column":null}},"54":{"start":{"line":166,"column":52},"end":{"line":174,"column":9}},"55":{"start":{"line":177,"column":4},"end":{"line":177,"column":null}},"56":{"start":{"line":177,"column":30},"end":{"line":177,"column":null}},"57":{"start":{"line":179,"column":21},"end":{"line":183,"column":6}},"58":{"start":{"line":185,"column":4},"end":{"line":190,"column":null}},"59":{"start":{"line":186,"column":6},"end":{"line":190,"column":null}},"60":{"start":{"line":187,"column":8},"end":{"line":187,"column":null}},"61":{"start":{"line":188,"column":8},"end":{"line":188,"column":null}},"62":{"start":{"line":190,"column":8},"end":{"line":190,"column":null}},"63":{"start":{"line":194,"column":4},"end":{"line":197,"column":null}},"64":{"start":{"line":200,"column":2},"end":{"line":200,"column":null}},"65":{"start":{"line":206,"column":2},"end":{"line":219,"column":null}},"66":{"start":{"line":207,"column":4},"end":{"line":207,"column":null}},"67":{"start":{"line":209,"column":44},"end":{"line":212,"column":6}},"68":{"start":{"line":214,"column":4},"end":{"line":217,"column":null}},"69":{"start":{"line":219,"column":4},"end":{"line":219,"column":null}}},"fnMap":{"0":{"name":"authorizeCron","decl":{"start":{"line":5,"column":9},"end":{"line":5,"column":23}},"loc":{"start":{"line":5,"column":41},"end":{"line":9,"column":null}},"line":5},"1":{"name":"runReminders","decl":{"start":{"line":17,"column":15},"end":{"line":17,"column":30}},"loc":{"start":{"line":17,"column":30},"end":{"line":110,"column":null}},"line":17},"2":{"name":"runPlanningDigest","decl":{"start":{"line":117,"column":15},"end":{"line":117,"column":35}},"loc":{"start":{"line":117,"column":35},"end":{"line":200,"column":null}},"line":117},"3":{"name":"(anonymous_3)","decl":{"start":{"line":145,"column":58},"end":{"line":145,"column":63}},"loc":{"start":{"line":145,"column":69},"end":{"line":145,"column":80}},"line":145},"4":{"name":"(anonymous_4)","decl":{"start":{"line":159,"column":33},"end":{"line":159,"column":42}},"loc":{"start":{"line":159,"column":52},"end":{"line":175,"column":null}},"line":159},"5":{"name":"(anonymous_5)","decl":{"start":{"line":160,"column":35},"end":{"line":160,"column":41}},"loc":{"start":{"line":160,"column":48},"end":{"line":160,"column":73}},"line":160},"6":{"name":"(anonymous_6)","decl":{"start":{"line":166,"column":33},"end":{"line":166,"column":38}},"loc":{"start":{"line":166,"column":52},"end":{"line":174,"column":9}},"line":166},"7":{"name":"POST","decl":{"start":{"line":205,"column":22},"end":{"line":205,"column":27}},"loc":{"start":{"line":205,"column":45},"end":{"line":219,"column":null}},"line":205}},"branchMap":{"0":{"loc":{"start":{"line":8,"column":2},"end":{"line":9,"column":null}},"type":"if","locations":[{"start":{"line":8,"column":2},"end":{"line":9,"column":null}},{"start":{},"end":{}}],"line":8},"1":{"loc":{"start":{"line":8,"column":6},"end":{"line":8,"column":60}},"type":"binary-expr","locations":[{"start":{"line":8,"column":6},"end":{"line":8,"column":21}},{"start":{"line":8,"column":21},"end":{"line":8,"column":60}}],"line":8},"2":{"loc":{"start":{"line":73,"column":12},"end":{"line":78,"column":null}},"type":"if","locations":[{"start":{"line":73,"column":12},"end":{"line":78,"column":null}},{"start":{},"end":{}}],"line":73},"3":{"loc":{"start":{"line":73,"column":16},"end":{"line":73,"column":55}},"type":"binary-expr","locations":[{"start":{"line":73,"column":16},"end":{"line":73,"column":41}},{"start":{"line":73,"column":41},"end":{"line":73,"column":55}}],"line":73},"4":{"loc":{"start":{"line":93,"column":93},"end":{"line":93,"column":null}},"type":"cond-expr","locations":[{"start":{"line":93,"column":111},"end":{"line":93,"column":122}},{"start":{"line":93,"column":122},"end":{"line":93,"column":null}}],"line":93},"5":{"loc":{"start":{"line":127,"column":4},"end":{"line":127,"column":null}},"type":"if","locations":[{"start":{"line":127,"column":4},"end":{"line":127,"column":null}},{"start":{},"end":{}}],"line":127},"6":{"loc":{"start":{"line":129,"column":18},"end":{"line":129,"column":64}},"type":"binary-expr","locations":[{"start":{"line":129,"column":18},"end":{"line":129,"column":53}},{"start":{"line":129,"column":53},"end":{"line":129,"column":64}}],"line":129},"7":{"loc":{"start":{"line":142,"column":4},"end":{"line":142,"column":null}},"type":"if","locations":[{"start":{"line":142,"column":4},"end":{"line":142,"column":null}},{"start":{},"end":{}}],"line":142},"8":{"loc":{"start":{"line":161,"column":6},"end":{"line":161,"column":null}},"type":"if","locations":[{"start":{"line":161,"column":6},"end":{"line":161,"column":null}},{"start":{},"end":{}}],"line":161},"9":{"loc":{"start":{"line":164,"column":8},"end":{"line":164,"column":null}},"type":"binary-expr","locations":[{"start":{"line":164,"column":8},"end":{"line":164,"column":34}},{"start":{"line":164,"column":34},"end":{"line":164,"column":53}},{"start":{"line":164,"column":53},"end":{"line":164,"column":null}}],"line":164},"10":{"loc":{"start":{"line":177,"column":4},"end":{"line":177,"column":null}},"type":"if","locations":[{"start":{"line":177,"column":4},"end":{"line":177,"column":null}},{"start":{},"end":{}}],"line":177},"11":{"loc":{"start":{"line":185,"column":4},"end":{"line":190,"column":null}},"type":"if","locations":[{"start":{"line":185,"column":4},"end":{"line":190,"column":null}},{"start":{},"end":{}}],"line":185}},"s":{"0":0,"1":0,"2":0,"3":0,"4":0,"5":0,"6":0,"7":0,"8":0,"9":0,"10":0,"11":0,"12":0,"13":0,"14":0,"15":0,"16":0,"17":0,"18":0,"19":0,"20":0,"21":0,"22":0,"23":0,"24":0,"25":0,"26":0,"27":0,"28":0,"29":0,"30":0,"31":0,"32":0,"33":0,"34":0,"35":0,"36":0,"37":0,"38":0,"39":0,"40":0,"41":0,"42":0,"43":0,"44":0,"45":0,"46":0,"47":0,"48":0,"49":0,"50":0,"51":0,"52":0,"53":0,"54":0,"55":0,"56":0,"57":0,"58":0,"59":0,"60":0,"61":0,"62":0,"63":0,"64":0,"65":0,"66":0,"67":0,"68":0,"69":0},"f":{"0":0,"1":0,"2":0,"3":0,"4":0,"5":0,"6":0,"7":0
[...]
s:56:25:56:Infinity":19,"s:57:2:57:Infinity":20,"f:60:9:60:33":2,"s:61:24:61:26":21,"s:62:18:62:37":22,"s:63:2:69:Infinity":23,"b:64:4:67:Infinity:65:13:67:Infinity":5,"s:64:4:67:Infinity":24,"s:64:27:64:Infinity":25,"b:65:13:67:Infinity:66:13:67:Infinity":6,"s:65:13:67:Infinity":26,"s:65:34:65:Infinity":27,"b:66:13:67:Infinity:67:9:67:Infinity":7,"s:66:13:67:Infinity":28,"s:66:33:66:Infinity":29,"s:67:9:67:Infinity":30,"b:68:4:68:Infinity:undefined:undefined:undefined:undefined":8,"s:68:4:68:Infinity":31,"s:68:27:68:Infinity":32,"s:69:4:69:Infinity":33,"s:71:2:71:Infinity":34,"f:74:15:74:Infinity":3,"s:79:16:79:Infinity":35,"s:80:15:80:Infinity":36,"s:81:15:81:Infinity":37,"s:82:30:82:Infinity":38,"s:83:25:83:Infinity":39,"s:84:24:84:Infinity":40,"s:85:25:85:Infinity":41,"s:86:24:86:Infinity":42,"b:88:2:89:Infinity:undefined:undefined:undefined:undefined":9,"s:88:2:89:Infinity":43,"b:88:6:88:16:88:16:88:25:88:25:88:32":10,"s:89:4:89:Infinity":44,"b:92:2:97:Infinity:undefined:undefined:undefined:undefined":11,"s:92:2:97:Infinity":45,"b:92:6:92:23:92:23:92:49":12,"s:93:23:95:6":46,"b:96:4:97:Infinity:undefined:undefined:undefined:undefined":13,"s:96:4:97:Infinity":47,"s:97:6:97:Infinity":48,"s:101:20:101:34":49,"s:102:20:102:Infinity":50,"b:102:20:102:40:102:40:102:Infinity":14,"s:103:19:107:Infinity":51,"b:104:6:104:59:105:6:107:Infinity":15,"b:106:8:106:37:107:8:107:Infinity":16,"b:109:2:155:Infinity:undefined:undefined:undefined:undefined":17,"s:109:2:155:Infinity":52,"b:109:6:109:24:109:24:109:39":18,"s:110:20:110:43":53,"s:111:23:111:82":54,"s:113:19:123:6":55,"b:125:4:128:Infinity:undefined:undefined:undefined:undefined":19,"s:125:4:128:Infinity":56,"b:125:8:125:25:125:25:125:51":20,"s:126:6:128:Infinity":57,"f:127:28:127:33":4,"s:127:51:127:89":58,"s:131:4:151:Infinity":59,"s:132:28:134:Infinity":60,"b:133:10:133:63:134:10:134:Infinity":21,"s:136:20:146:8":61,"b:148:6:151:Infinity:undefined:undefined:undefined:undefined":22,"s:148:6:151:Infinity":62,"b:148:10:148:27:148:27:148:53":23,"s:149:8:151:Infinity":63,"f:150:30:150:35":5,"s:150:53:150:90":64,"s:155:4:155:Infinity":65,"s:158:16:166:4":66,"b:168:2:171:Infinity:undefined:undefined:undefined:undefined":24,"s:168:2:171:Infinity":67,"b:168:6:168:23:168:23:168:49":25,"s:169:4:171:Infinity":68,"f:170:26:170:31":6,"s:170:49:170:86":69,"s:174:2:174:Infinity":70,"f:177:15:177:Infinity":7,"s:182:18:182:Infinity":71,"s:183:18:183:Infinity":72,"b:185:2:186:Infinity:undefined:undefined:undefined:undefined":26,"s:185:2:186:Infinity":73,"b:185:6:185:18:185:18:185:28":27,"s:186:4:186:Infinity":74,"s:189:16:189:107":75,"b:190:2:191:Infinity:undefined:undefined:undefined:undefined":28,"s:190:2:191:Infinity":76,"s:191:4:191:Infinity":77,"b:193:2:194:Infinity:undefined:undefined:undefined:undefined":29,"s:193:2:194:Infinity":78,"s:194:4:194:Infinity":79,"s:197:2:207:Infinity":80,"b:200:26:200:60:200:63:200:65":30,"b:201:25:201:57:201:60:201:62":31,"b:202:25:202:67:202:70:202:72":32,"b:204:10:204:110:205:10:205:Infinity":33,"b:204:57:204:101:204:104:204:110":34,"s:209:2:209:Infinity":81,"f:212:15:212:Infinity":8,"s:217:18:217:Infinity":82,"b:219:2:220:Infinity:undefined:undefined:undefined:undefined":35,"s:219:2:220:Infinity":83,"s:220:4:220:Infinity":84,"s:223:16:226:4":85,"b:227:2:228:Infinity:undefined:undefined:undefined:undefined":36,"s:227:2:228:Infinity":86,"s:228:4:228:Infinity":87,"b:230:2:231:Infinity:undefined:undefined:undefined:undefined":37,"s:230:2:231:Infinity":88,"s:231:4:231:Infinity":89,"s:234:16:234:51":90,"f:234:33:234:38":9,"s:234:45:234:51":91,"b:235:2:238:Infinity:undefined:undefined:undefined:undefined":38,"s:235:2:238:Infinity":92,"s:236:4:236:Infinity":93,"s:237:4:237:Infinity":94,"s:238:4:238:Infinity":95,"s:240:2:240:Infinity":96,"s:242:2:242:Infinity":97,"f:245:15:245:Infinity":10,"s:250:18:250:Infinity":98,"s:251:24:251:Infinity":99,"b:253:2:254:Infinity:undefined:undefined:undefined:undefined":39,"s:253:2:254:Infinity":100,"b:253:6:253:18:253:18:253:47":40,"s:254:4:254:Infinity":101,"s:257:16:257:107":102,"b:258:2:259:Infinity:undefined:undefined:undefined:undefined":41,"s:258:2:259:Infinity":103,"s:259:4:259:Infinity":104,"b:261:2:262:Infinity:undefined:undefined:undefined:undefined":42,"s:261:2:262:Infinity":105,"s:262:4:262:Infinity":106,"b:265:2:270:Infinity:undefined:undefined:undefined:undefined":43,"s:265:2:270:Infinity":107,"s:266:23:268:6":108,"b:269:4:270:Infinity:undefined:undefined:undefined:undefined":44,"s:269:4:270:Infinity":109,"s:270:6:270:Infinity":110,"s:275:28:278:4":111,"s:280:25:280:71":112,"f:280:43:280:48":11,"s:280:55:280:71":113,"s:281:27:281:Infinity":114,"s:284:16:284:77":115,"f:284:33:284:41":12,"s:284:48:284:76":116,"s:287:19:287:96":117,"f:287:37:287:45":13,"s:287:52:287:95":118,"b:290:2:293:Infinity:undefined:undefined:undefined:undefined":45,"s:290:2:293:Infinity":119,"s:291:22:291:49":120,"f:291:31:291:36":14,"s:291:43:291:49":121,"s:292:4:292:Infinity":122,"s:293:4:293:Infinity":123,"b:297:2:300:Infinity:undefined:undefined:undefined:undefined":46,"s:297:2:300:Infinity":124,"s:298:4:300:Infinity":125,"f:299:18:299:23":15,"s:299:41:299:68":126,"s:303:2:306:Infinity":127,"f:309:15:309:Infinity":16,"s:314:23:314:Infinity":128,"s:315:15:315:Infinity":129,"s:316:21:316:Infinity":130,"s:317:24:317:Infinity":131,"b:319:2:320:Infinity:undefined:undefined:undefined:undefined":47,"s:319:2:320:Infinity":132,"b:319:6:319:23:319:23:319:30":48,"s:320:4:320:Infinity":133,"s:323:15:323:94":134,"b:324:2:325:Infinity:undefined:undefined:undefined:undefined":49,"s:324:2:325:Infinity":135,"s:325:4:325:Infinity":136,"b:328:2:331:Infinity:undefined:undefined:undefined:undefined":50,"s:328:2:331:Infinity":137,"s:329:26:329:90":138,"b:330:4:331:Infinity:undefined:undefined:undefined:undefined":51,"s:330:4:331:Infinity":139,"s:331:6:331:Infinity":140,"b:335:2:340:Infinity:undefined:undefined:undefined:undefined":52,"s:335:2:340:Infinity":141,"b:335:6:335:23:335:23:335:49":53,"s:336:23:338:6":142,"b:339:4:340:Infinity:undefined:undefined:undefined:undefined":54,"s:339:4:340:Infinity":143,"s:340:6:340:Infinity":144,"s:344:2:358:Infinity":145,"b:349:46:349:60:349:63:349:65":55,"b:349:10:349:33:349:33:349:46":56,"b:351:10:354:Infinity:356:10:356:Infinity":57,"b:350:10:350:40:350:40:350:Infinity":58,"f:353:36:353:41":17,"s:353:59:353:75":146,"s:360:2:360:Infinity":147}}}
,"/home/djalai/workspace/repositories/github.com/iccbretagne/koinonia/src/lib/restore.ts": {"path":"/home/djalai/workspace/repositories/github.com/iccbretagne/koinonia/src/lib/restore.ts","statementMap":{"0":{"start":{"line":14,"column":14},"end":{"line":14,"column":53}},"1":{"start":{"line":15,"column":2},"end":{"line":21,"column":null}},"2":{"start":{"line":25,"column":2},"end":{"line":26,"column":null}},"3":{"start":{"line":26,"column":4},"end":{"line":26,"column":null}},"4":{"start":{"line":29,"column":16},"end":{"line":29,"column":26}},"5":{"start":{"line":30,"column":13},"end":{"line":30,"column":31}},"6":{"start":{"line":32,"column":19},"end":{"line":36,"column":null}},"7":{"start":{"line":39,"column":2},"end":{"line":40,"column":null}},"8":{"start":{"line":40,"column":4},"end":{"line":40,"column":null}},"9":{"start":{"line":43,"column":2},"end":{"line":79,"column":null}},"10":{"start":{"line":44,"column":10},"end":{"line":44,"column":33}},"11":{"start":{"line":45,"column":10},"end":{"line":53,"column":6}},"12":{"start":{"line":56,"column":4},"end":{"line":56,"column":null}},"13":{"start":{"line":58,"column":4},"end":{"line":58,"column":null}},"14":{"start":{"line":59,"column":4},"end":{"line":66,"column":null}},"15":{"start":{"line":60,"column":6},"end":{"line":64,"column":null}},"16":{"start":{"line":61,"column":8},"end":{"line":61,"column":null}},"17":{"start":{"line":62,"column":8},"end":{"line":62,"column":null}},"18":{"start":{"line":64,"column":8},"end":{"line":64,"column":null}},"19":{"start":{"line":68,"column":21},"end":{"line":68,"column":null}},"20":{"start":{"line":69,"column":4},"end":{"line":69,"column":null}},"21":{"start":{"line":71,"column":4},"end":{"line":74,"column":null}},"22":{"start":{"line":72,"column":6},"end":{"line":72,"column":null}},"23":{"start":{"line":73,"column":6},"end":{"line":73,"column":null}},"24":{"start":{"line":75,"column":4},"end":{"line":78,"column":null}},"25":{"start":{"line":76,"column":6},"end":{"line":76,"column":null}},"26":{"start":{"line":77,"column":6},"end":{"line":77,"column":null}},"27":{"start":{"line":81,"column":2},"end":{"line":81,"column":null}},"28":{"start":{"line":83,"column":2},"end":{"line":86,"column":null}}},"fnMap":{"0":{"name":"parseDatabaseUrl","decl":{"start":{"line":13,"column":9},"end":{"line":13,"column":28}},"loc":{"start":{"line":13,"column":28},"end":{"line":21,"column":null}},"line":13},"1":{"name":"restoreBackup","decl":{"start":{"line":24,"column":22},"end":{"line":24,"column":36}},"loc":{"start":{"line":24,"column":73},"end":{"line":86,"column":null}},"line":24},"2":{"name":"(anonymous_2)","decl":{"start":{"line":43,"column":12},"end":{"line":43,"column":27}},"loc":{"start":{"line":43,"column":47},"end":{"line":79,"column":null}},"line":43},"3":{"name":"(anonymous_3)","decl":{"start":{"line":56,"column":20},"end":{"line":56,"column":34}},"loc":{"start":{"line":56,"column":34},"end":{"line":56,"column":37}},"line":56},"4":{"name":"(anonymous_4)","decl":{"start":{"line":59,"column":13},"end":{"line":59,"column":22}},"loc":{"start":{"line":59,"column":31},"end":{"line":66,"column":null}},"line":59},"5":{"name":"(anonymous_5)","decl":{"start":{"line":71,"column":14},"end":{"line":71,"column":24}},"loc":{"start":{"line":71,"column":32},"end":{"line":74,"column":null}},"line":71},"6":{"name":"(anonymous_6)","decl":{"start":{"line":75,"column":16},"end":{"line":75,"column":26}},"loc":{"start":{"line":75,"column":34},"end":{"line":78,"column":null}},"line":75}},"branchMap":{"0":{"loc":{"start":{"line":14,"column":22},"end":{"line":14,"column":53}},"type":"binary-expr","locations":[{"start":{"line":14,"column":22},"end":{"line":14,"column":50}},{"start":{"line":14,"column":50},"end":{"line":14,"column":53}}],"line":14},"1":{"loc":{"start":{"line":17,"column":10},"end":{"line":17,"column":null}},"type":"binary-expr","locations":[{"start":{"line":17,"column":10},"end":{"line":17,"column":22}},{"start":{"line":17,"column":22},"end":{"line":17,"column":null}}],"line":17},"2":{"loc":{"start":{"line":25,"column":2},"end":{"line":26,"column":null}},"type":"if","locations":[{"start":{"line":25,"column":2},"end":{"line":26,"column":null}},{"start":{},"end":{}}],"line":25},"3":{"loc":{"start":{"line":25,"column":6},"end":{"line":25,"column":61}},"type":"binary-expr","locations":[{"start":{"line":25,"column":6},"end":{"line":25,"column":33}},{"start":{"line":25,"column":37},"end":{"line":25,"column":61}}],"line":25},"4":{"loc":{"start":{"line":34,"column":14},"end":{"line":34,"column":null}},"type":"binary-expr","locations":[{"start":{"line":34,"column":14},"end":{"line":34,"column":39}},{"start":{"line":34,"column":39},"end":{"line":34,"column":null}}],"line":34},"5":{"loc":{"start":{"line":39,"column":2},"end":{"line":40,"column":null}},"type":"if","locations":[{"start":{"line":39,"column":2},"end":{"line":40,"column":null}},{"start":{},"end":{}}],"line":39},"6":{"loc":{"start":{"line":60,"column":6},"end":{"line":64,"column":null}},"type":"if","locations":[{"start":{"line":60,"column":6},"end":{"line":64,"column":null}},{"start":{"line":63,"column":13},"end":{"line":64,"column":null}}],"line":60}},"s":{"0":0,"1":0,"2":0,"3":0,"4":0,"5":0,"6":0,"7":0,"8":0,"9":0,"10":0,"11":0,"12":0,"13":0,"14":0,"15":0,"16":0,"17":0,"18":0,"19":0,"20":0,"21":0,"22":0,"23":0,"24":0,"25":0,"26":0,"27":0,"28":0},"f":{"0":0,"1":0,"2":0,"3":0,"4":0,"5":0,"6":0},"b":{"0":[0,0],"1":[0,0],"2":[0,0],"3":[0,0],"4":[0,0],"5":[0,0],"6":[0,0]},"meta":{"lastBranch":7,"lastFunction":7,"lastStatement":29,"seen":{"f:13:9:13:28":0,"s:14:14:14:53":0,"b:14:22:14:50:14:50:14:53":0,"s:15:2:21:Infinity":1,"b:17:10:17:22:17:22:17:Infinity":1,"f:24:22:24:36":1,"b:25:2:26:Infinity:undefined:undefined:undefined:undefined":2,"s:25:2:26:Infinity":2,"b:25:6:25:33:25:37:25:61":3,"s:26:4:26:Infinity":3,"s:29:16:29:26":4,"s:30:13:30:31":5,"s:32:19:36:Infinity":6,"b:34:14:34:39:34:39:34:Infinity":4,"b:39:2:40:Infinity:undefined:undefined:undefined:undefined":5,"s:39:2:40:Infinity":7,"s:40:4:40:Infinity":8,"s:43:2:79:Infinity":9,"f:43:12:43:27":2,"s:44:10:44:33":10,"s:45:10:53:6":11,"s:56:4:56:Infinity":12,"f:56:20:56:34":3,"s:58:4:58:Infinity":13,"s:59:4:66:Infinity":14,"f:59:13:59:22":4,"b:60:6:64:Infinity:63:13:64:Infinity":6,"s:60:6:64:Infinity":15,"s:61:8:61:Infinity":16,"s:62:8:62:Infinity":17,"s:64:8:64:Infinity":18,"s:68:21:68:Infinity":19,"s:69:4:69:Infinity":20,"s:71:4:74:Infinity":21,"f:71:14:71:24":5,"s:72:6:72:Infinity":22,"s:73:6:73:Infinity":23,"s:75:4:78:Infinity":24,"f:75:16:75:26":6,"s:76:6:76:Infinity":25,"s:77:6:77:Infinity":26,"s:81:2:81:Infinity":27,"s:83:2:86:Infinity":28}}}
,"/home/djalai/workspace/repositories/github.com/iccbretagne/koinonia/src/lib/s3.ts": {"path":"/home/djalai/workspace/repositories/github.com/iccbretagne/koinonia/src/lib/s3.ts","statementMap":{"0":{"start":{"line":3,"column":20},"end":{"line":3,"column":null}},"1":{"start":{"line":8,"column":2},"end":{"line":13,"column":null}},"2":{"start":{"line":18,"column":2},"end":{"line":27,"column":4}},"3":{"start":{"line":29,"column":0},"end":{"line":29,"column":null}},"4":{"start":{"line":29,"column":43},"end":{"line":29,"column":null}}},"fnMap":{"0":{"name":"isS3Configured","decl":{"start":{"line":7,"column":16},"end":{"line":7,"column":42}},"loc":{"start":{"line":7,"column":42},"end":{"line":13,"column":null}},"line":7}},"branchMap":{"0":{"loc":{"start":{"line":9,"column":4},"end":{"line":13,"column":null}},"type":"binary-expr","locations":[{"start":{"line":9,"column":4},"end":{"line":9,"column":null}},{"start":{"line":10,"column":4},"end":{"line":10,"column":null}},{"start":{"line":11,"column":4},"end":{"line":11,"column":null}},{"start":{"line":12,"column":4},"end":{"line":12,"column":null}},{"start":{"line":13,"column":4},"end":{"line":13,"column":null}}],"line":9},"1":{"loc":{"start":{"line":18,"column":2},"end":{"line":27,"column":4}},"type":"binary-expr","locations":[{"start":{"line":18,"column":2},"end":{"line":18,"column":null}},{"start":{"line":19,"column":2},"end":{"line":27,"column":4}}],"line":18},"2":{"loc":{"start":{"line":21,"column":12},"end":{"line":21,"column":null}},"type":"binary-expr","locations":[{"start":{"line":21,"column":12},"end":{"line":21,"column":37}},{"start":{"line":21,"column":37},"end":{"line":21,"column":null}}],"line":21},"3":{"loc":{"start":{"line":24,"column":19},"end":{"line":24,"column":null}},"type":"binary-expr","locations":[{"start":{"line":24,"column":19},"end":{"line":24,"column":51}},{"start":{"line":24,"column":51},"end":{"line":24,"column":null}}],"line":24},"4":{"loc":{"start":{"line":25,"column":23},"end":{"line":25,"column":null}},"type":"binary-expr","locations":[{"start":{"line":25,"column":23},"end":{"line":25,"column":59}},{"start":{"line":25,"column":59},"end":{"line":25,"column":null}}],"line":25},"5":{"loc":{"start":{"line":29,"column":0},"end":{"line":29,"column":null}},"type":"if","locations":[{"start":{"line":29,"column":0},"end":{"line":29,"column":null}},{"start":{},"end":{}}],"line":29}},"s":{"0":0,"1":0,"2":0,"3":0,"4":0},"f":{"0":0},"b":{"0":[0,0,0,0,0],"1":[0,0],"2":[0,0],"3":[0,0],"4":[0,0],"5":[0,0]},"meta":{"lastBranch":6,"lastFunction":1,"lastStatement":5,"seen":{"s:3:20:3:Infinity":0,"f:7:16:7:42":0,"s:8:2:13:Infinity":1,"b:9:4:9:Infinity:10:4:10:Infinity:11:4:11:Infinity:12:4:12:Infinity:13:4:13:Infinity":0,"s:18:2:27:4":2,"b:18:2:18:Infinity:19:2:27:4":1,"b:21:12:21:37:21:37:21:Infinity":2,"b:24:19:24:51:24:51:24:Infinity":3,"b:25:23:25:59:25:59:25:Infinity":4,"b:29:0:29:Infinity:undefined:undefined:undefined:undefined":5,"s:29:0:29:Infinity":3,"s:29:43:29:Infinity":4}}}
,"/home/djalai/workspace/repositories/github.com/iccbretagne/koinonia/src/lib/tour-steps.ts": {"path":"/home/djalai/workspace/repositories/github.com/iccbretagne/koinonia/src/lib/tour-steps.ts","statementMap":{"0":{"start":{"line":3,"column":34},"end":{"line":3,"column":null}},"1":{"start":{"line":4,"column":32},"end":{"line":4,"column":null}},"2":{"start":{"line":5,"column":33},"end":{"line":5,"column":null}},"3":{"start":{"line":6,"column":32},"end":{"line":6,"column":null}},"4":{"start":{"line":7,"column":38},"end":{"line":7,"column":null}},"5":{"start":{"line":8,"column":33},"end":{"line":8,"column":null}},"6":{"start":{"line":21,"column":30},"end":{"line":116,"column":null}},"7":{"start":{"line":119,"column":2},"end":{"line":124,"column":null}},"8":{"start":{"line":120,"column":4},"end":{"line":120,"column":null}},"9":{"start":{"line":120,"column":44},"end":{"line":120,"column":null}},"10":{"start":{"line":121,"column":4},"end":{"line":121,"column":null}},"11":{"start":{"line":121,"column":46},"end":{"line":121,"column":null}},"12":{"start":{"line":122,"column":4},"end":{"line":122,"column":null}},"13":{"start":{"line":122,"column":46},"end":{"line":122,"column":null}},"14":{"start":{"line":123,"column":4},"end":{"line":123,"column":null}}},"fnMap":{"0":{"name":"getTourSteps","decl":{"start":{"line":118,"column":16},"end":{"line":118,"column":29}},"loc":{"start":{"line":118,"column":75},"end":{"line":124,"column":null}},"line":118},"1":{"name":"(anonymous_1)","decl":{"start":{"line":119,"column":19},"end":{"line":119,"column":27}},"loc":{"start":{"line":119,"column":33},"end":{"line":124,"column":null}},"line":119}},"branchMap":{"0":{"loc":{"start":{"line":120,"column":4},"end":{"line":120,"column":null}},"type":"if","locations":[{"start":{"line":120,"column":4},"end":{"line":120,"column":null}},{"start":{},"end":{}}],"line":120},"1":{"loc":{"start":{"line":120,"column":8},"end":{"line":120,"column":42}},"type":"binary-expr","locations":[{"start":{"line":120,"column":8},"end":{"line":120,"column":19}},{"start":{"line":120,"column":19},"end":{"line":120,"column":42}}],"line":120},"2":{"loc":{"start":{"line":121,"column":4},"end":{"line":121,"column":null}},"type":"if","locations":[{"start":{"line":121,"column":4},"end":{"line":121,"column":null}},{"start":{},"end":{}}],"line":121},"3":{"loc":{"start":{"line":121,"column":8},"end":{"line":121,"column":46}},"type":"binary-expr","locations":[{"start":{"line":121,"column":8},"end":{"line":121,"column":36}},{"start":{"line":121,"column":36},"end":{"line":121,"column":46}}],"line":121},"4":{"loc":{"start":{"line":122,"column":4},"end":{"line":122,"column":null}},"type":"if","locations":[{"start":{"line":122,"column":4},"end":{"line":122,"column":null}},{"start":{},"end":{}}],"line":122},"5":{"loc":{"start":{"line":122,"column":8},"end":{"line":122,"column":46}},"type":"binary-expr","locations":[{"start":{"line":122,"column":8},"end":{"line":122,"column":35}},{"start":{"line":122,"column":35},"end":{"line":122,"column":46}}],"line":122}},"s":{"0":0,"1":0,"2":0,"3":0,"4":0,"5":0,"6":0,"7":0,"8":0,"9":0,"10":0,"11":0,"12":0,"13":0,"14":0},"f":{"0":0,"1":0},"b":{"0":[0,0],"1":[0,0],"2":[0,0],"3":[0,0],"4":[0,0],"5":[0,0]},"meta":{"lastBranch":6,"lastFunction":2,"lastStatement":15,"seen":{"s:3:34:3:Infinity":0,"s:4:32:4:Infinity":1,"s:5:33:5:Infinity":2,"s:6:32:6:Infinity":3,"s:7:38:7:Infinity":4,"s:8:33:8:Infinity":5,"s:21:30:116:Infinity":6,"f:118:16:118:29":0,"s:119:2:124:Infinity":7,"f:119:19:119:27":1,"b:120:4:120:Infinity:undefined:undefined:undefined:undefined":0,"s:120:4:120:Infinity":8,"b:120:8:120:19:120:19:120:42":1,"s:120:44:120:Infinity":9,"b:121:4:121:Infinity:undefined:undefined:undefined:undefined":2,"s:121:4:121:Infinity":10,"b:121:8:121:36:121:36:121:46":3,"s:121:46:121:Infinity":11,"b:122:4:122:Infinity:undefined:undefined:undefined:undefined":4,"s:122:4:122:Infinity":12,"b:122:8:122:35:122:35:122:46":5,"s:122:46:122:Infinity":13,"s:123:4:123:Infinity":14}}}
}
